  [4;36;1mSQL (0.2ms)[0m   [0;1m SELECT name
 FROM sqlite_master
 WHERE type = 'table' AND NOT name = 'sqlite_sequence'
[0m
  [4;35;1mSQL (0.1ms)[0m   [0mselect sqlite_version(*)[0m
  [4;36;1mSQL (3.3ms)[0m   [0;1mCREATE TABLE "schema_migrations" ("version" varchar(255) NOT NULL) [0m
  [4;35;1mSQL (3.3ms)[0m   [0mCREATE UNIQUE INDEX "unique_schema_migrations" ON "schema_migrations" ("version")[0m
  [4;36;1mSQL (0.4ms)[0m   [0;1m SELECT name
 FROM sqlite_master
 WHERE type = 'table' AND NOT name = 'sqlite_sequence'
[0m
  [4;35;1mSQL (0.2ms)[0m   [0mSELECT version FROM schema_migrations[0m
Migrating to CreateVotes (20091010164708)
  [4;36;1mSQL (0.4ms)[0m   [0;1mCREATE TABLE "votes" ("id" INTEGER PRIMARY KEY AUTOINCREMENT NOT NULL, "ip" varchar(255), "positive" boolean, "created_at" datetime, "updated_at" datetime) [0m
  [4;35;1mSQL (0.1ms)[0m   [0mINSERT INTO schema_migrations (version) VALUES ('20091010164708')[0m
Migrating to CreateVotecounts (20091010164735)
  [4;36;1mSQL (0.3ms)[0m   [0;1mCREATE TABLE "votecounts" ("id" INTEGER PRIMARY KEY AUTOINCREMENT NOT NULL, "name" varchar(255), "positive" integer, "negative" integer, "created_at" datetime, "updated_at" datetime) [0m
  [4;35;1mSQL (0.1ms)[0m   [0mINSERT INTO schema_migrations (version) VALUES ('20091010164735')[0m
  [4;36;1mSQL (0.4ms)[0m   [0;1m SELECT name
 FROM sqlite_master
 WHERE type = 'table' AND NOT name = 'sqlite_sequence'
[0m
  [4;35;1mSQL (0.1ms)[0m   [0mSELECT version FROM schema_migrations[0m
  [4;36;1mSQL (0.2ms)[0m   [0;1m SELECT name
 FROM sqlite_master
 WHERE type = 'table' AND NOT name = 'sqlite_sequence'
[0m
  [4;35;1mSQL (0.0ms)[0m   [0mPRAGMA index_list("votecounts")[0m
  [4;36;1mSQL (0.0ms)[0m   [0;1mPRAGMA index_list("votes")[0m


Processing VotesController#new (for 127.0.0.1 at 2009-10-10 12:59:20) [GET]
Rendering votes/new
Completed in 28ms (View: 24, DB: 0) | 200 OK [http://localhost/]


Processing VotesController#create (for 127.0.0.1 at 2009-10-10 12:59:23) [POST]
  Parameters: {"commit"=>"Vote", "vote"=>{"positive"=>"true"}, "authenticity_token"=>"81R7YrPKh40pqIzTxKVqfmKQL774QnmoQHba4IYf/gw="}
  [4;36;1mVote Create (0.4ms)[0m   [0;1mINSERT INTO "votes" ("updated_at", "positive", "ip", "created_at") VALUES('2009-10-10 16:59:23', 't', '127.0.0.1', '2009-10-10 16:59:23')[0m

NameError (uninitialized constant Vote::VoteCount):
  app/models/vote.rb:7:in `increment_vote_count'
  app/controllers/votes_controller.rb:8:in `create'

Rendered rescues/_trace (32.0ms)
Rendered rescues/_request_and_response (1.1ms)
Rendering rescues/layout (internal_server_error)


Processing VotesController#index (for 127.0.0.1 at 2009-10-10 12:59:58) [GET]

NameError (uninitialized constant VotesController::VoteCount):
  app/controllers/votes_controller.rb:14:in `index'

Rendered rescues/_trace (23.2ms)
Rendered rescues/_request_and_response (1.0ms)
Rendering rescues/layout (internal_server_error)


Processing VotesController#index (for 127.0.0.1 at 2009-10-10 13:00:28) [GET]

SyntaxError (/Users/coryforsyth/Sites/romanski2/app/models/vote_count.rb:3: syntax error, unexpected tASSOC, expecting ')'
    VoteCount.first(:conditions => :name => "Roman Polanski")
                                           ^
/Users/coryforsyth/Sites/romanski2/app/models/vote_count.rb:3: syntax error, unexpected ')', expecting kEND):
  app/controllers/votes_controller.rb:14:in `index'

Rendered rescues/_trace (26.1ms)
Rendered rescues/_request_and_response (1.0ms)
Rendering rescues/layout (internal_server_error)


Processing VotesController#index (for 127.0.0.1 at 2009-10-10 13:00:42) [GET]
  [4;36;1mVoteCount Load (0.0ms)[0m   [0;1mSQLite3::SQLException: no such table: vote_counts: SELECT * FROM "vote_counts" WHERE ("vote_counts"."name" = 'Roman Polanski') LIMIT 1[0m

ActiveRecord::StatementInvalid (SQLite3::SQLException: no such table: vote_counts: SELECT * FROM "vote_counts" WHERE ("vote_counts"."name" = 'Roman Polanski')  LIMIT 1):
  app/models/vote_count.rb:3:in `roman_polanski'
  app/controllers/votes_controller.rb:14:in `index'

Rendered rescues/_trace (39.9ms)
Rendered rescues/_request_and_response (0.2ms)
Rendering rescues/layout (internal_server_error)
  [4;36;1mSQL (0.2ms)[0m   [0;1m SELECT name
 FROM sqlite_master
 WHERE type = 'table' AND NOT name = 'sqlite_sequence'
[0m
  [4;35;1mSQL (0.1ms)[0m   [0mselect sqlite_version(*)[0m
  [4;36;1mSQL (38.1ms)[0m   [0;1mCREATE TABLE "schema_migrations" ("version" varchar(255) NOT NULL) [0m
  [4;35;1mSQL (3.3ms)[0m   [0mCREATE UNIQUE INDEX "unique_schema_migrations" ON "schema_migrations" ("version")[0m
  [4;36;1mSQL (0.4ms)[0m   [0;1m SELECT name
 FROM sqlite_master
 WHERE type = 'table' AND NOT name = 'sqlite_sequence'
[0m
  [4;35;1mSQL (0.2ms)[0m   [0mSELECT version FROM schema_migrations[0m
Migrating to CreateVotes (20091010164708)
  [4;36;1mSQL (0.4ms)[0m   [0;1mCREATE TABLE "votes" ("id" INTEGER PRIMARY KEY AUTOINCREMENT NOT NULL, "ip" varchar(255), "positive" boolean, "created_at" datetime, "updated_at" datetime) [0m
  [4;35;1mSQL (0.1ms)[0m   [0mINSERT INTO schema_migrations (version) VALUES ('20091010164708')[0m
Migrating to CreateVotecounts (20091010164735)
  [4;36;1mSQL (0.3ms)[0m   [0;1mCREATE TABLE "vote_counts" ("id" INTEGER PRIMARY KEY AUTOINCREMENT NOT NULL, "name" varchar(255), "positive" integer, "negative" integer, "created_at" datetime, "updated_at" datetime) [0m
  [4;35;1mSQL (0.1ms)[0m   [0mINSERT INTO schema_migrations (version) VALUES ('20091010164735')[0m
  [4;36;1mSQL (0.3ms)[0m   [0;1m SELECT name
 FROM sqlite_master
 WHERE type = 'table' AND NOT name = 'sqlite_sequence'
[0m
  [4;35;1mSQL (0.1ms)[0m   [0mSELECT version FROM schema_migrations[0m
  [4;36;1mSQL (0.2ms)[0m   [0;1m SELECT name
 FROM sqlite_master
 WHERE type = 'table' AND NOT name = 'sqlite_sequence'
[0m
  [4;35;1mSQL (0.0ms)[0m   [0mPRAGMA index_list("vote_counts")[0m
  [4;36;1mSQL (0.0ms)[0m   [0;1mPRAGMA index_list("votes")[0m


Processing VotesController#index (for 127.0.0.1 at 2009-10-10 13:01:20) [GET]
  [4;36;1mVoteCount Load (0.3ms)[0m   [0;1mSELECT * FROM "vote_counts" WHERE ("vote_counts"."name" = 'Roman Polanski') LIMIT 1[0m
Rendering votes/index

ActionView::TemplateError (You have a nil object when you didn't expect it!
The error occurred while evaluating nil.positive) on line #1 of app/views/votes/index.erb:
1: for: <%= @vote_count.positive %><br />
2: against: <%= @vote_count.negative %><br />

    app/views/votes/index.erb:1

Rendered rescues/_trace (27.1ms)
Rendered rescues/_request_and_response (1.0ms)
Rendering rescues/layout (internal_server_error)
  [4;36;1mSQL (0.2ms)[0m   [0;1m SELECT name
 FROM sqlite_master
 WHERE type = 'table' AND NOT name = 'sqlite_sequence'
[0m
  [4;35;1mSQL (0.1ms)[0m   [0mselect sqlite_version(*)[0m
  [4;36;1mSQL (43.0ms)[0m   [0;1mCREATE TABLE "schema_migrations" ("version" varchar(255) NOT NULL) [0m
  [4;35;1mSQL (3.6ms)[0m   [0mCREATE UNIQUE INDEX "unique_schema_migrations" ON "schema_migrations" ("version")[0m
  [4;36;1mSQL (0.5ms)[0m   [0;1m SELECT name
 FROM sqlite_master
 WHERE type = 'table' AND NOT name = 'sqlite_sequence'
[0m
  [4;35;1mSQL (0.1ms)[0m   [0mSELECT version FROM schema_migrations[0m
Migrating to CreateVotes (20091010164708)
  [4;36;1mSQL (0.5ms)[0m   [0;1mCREATE TABLE "votes" ("id" INTEGER PRIMARY KEY AUTOINCREMENT NOT NULL, "ip" varchar(255), "positive" boolean, "created_at" datetime, "updated_at" datetime) [0m
  [4;35;1mSQL (0.1ms)[0m   [0mINSERT INTO schema_migrations (version) VALUES ('20091010164708')[0m
Migrating to CreateVotecounts (20091010164735)
  [4;36;1mSQL (0.2ms)[0m   [0;1m SELECT name
 FROM sqlite_master
 WHERE type = 'table' AND NOT name = 'sqlite_sequence'
[0m
  [4;35;1mSQL (0.1ms)[0m   [0mselect sqlite_version(*)[0m
  [4;36;1mSQL (43.0ms)[0m   [0;1mCREATE TABLE "schema_migrations" ("version" varchar(255) NOT NULL) [0m
  [4;35;1mSQL (3.8ms)[0m   [0mCREATE UNIQUE INDEX "unique_schema_migrations" ON "schema_migrations" ("version")[0m
  [4;36;1mSQL (0.4ms)[0m   [0;1m SELECT name
 FROM sqlite_master
 WHERE type = 'table' AND NOT name = 'sqlite_sequence'
[0m
  [4;35;1mSQL (0.1ms)[0m   [0mSELECT version FROM schema_migrations[0m
Migrating to CreateVotes (20091010164708)
  [4;36;1mSQL (0.5ms)[0m   [0;1mCREATE TABLE "votes" ("id" INTEGER PRIMARY KEY AUTOINCREMENT NOT NULL, "ip" varchar(255), "positive" boolean, "created_at" datetime, "updated_at" datetime) [0m
  [4;35;1mSQL (0.1ms)[0m   [0mINSERT INTO schema_migrations (version) VALUES ('20091010164708')[0m
Migrating to CreateVotecounts (20091010164735)
  [4;36;1mSQL (0.2ms)[0m   [0;1m SELECT name
 FROM sqlite_master
 WHERE type = 'table' AND NOT name = 'sqlite_sequence'
[0m
  [4;35;1mSQL (0.1ms)[0m   [0mselect sqlite_version(*)[0m
  [4;36;1mSQL (41.9ms)[0m   [0;1mCREATE TABLE "schema_migrations" ("version" varchar(255) NOT NULL) [0m
  [4;35;1mSQL (3.5ms)[0m   [0mCREATE UNIQUE INDEX "unique_schema_migrations" ON "schema_migrations" ("version")[0m
  [4;36;1mSQL (0.5ms)[0m   [0;1m SELECT name
 FROM sqlite_master
 WHERE type = 'table' AND NOT name = 'sqlite_sequence'
[0m
  [4;35;1mSQL (0.1ms)[0m   [0mSELECT version FROM schema_migrations[0m
Migrating to CreateVotes (20091010164708)
  [4;36;1mSQL (0.5ms)[0m   [0;1mCREATE TABLE "votes" ("id" INTEGER PRIMARY KEY AUTOINCREMENT NOT NULL, "ip" varchar(255), "positive" boolean, "created_at" datetime, "updated_at" datetime) [0m
  [4;35;1mSQL (0.1ms)[0m   [0mINSERT INTO schema_migrations (version) VALUES ('20091010164708')[0m
Migrating to CreateVoteCounts (20091010164735)
  [4;36;1mSQL (0.4ms)[0m   [0;1mCREATE TABLE "vote_counts" ("id" INTEGER PRIMARY KEY AUTOINCREMENT NOT NULL, "name" varchar(255), "positive" integer, "negative" integer, "created_at" datetime, "updated_at" datetime) [0m
  [4;35;1mSQL (0.1ms)[0m   [0minsert into vote_counts (`name`,`positive`,`negative`) values ('Roman Polanski',0,0)[0m
  [4;36;1mSQL (0.1ms)[0m   [0;1mINSERT INTO schema_migrations (version) VALUES ('20091010164735')[0m
  [4;35;1mSQL (0.3ms)[0m   [0m SELECT name
 FROM sqlite_master
 WHERE type = 'table' AND NOT name = 'sqlite_sequence'
[0m
  [4;36;1mSQL (0.2ms)[0m   [0;1mSELECT version FROM schema_migrations[0m
  [4;35;1mSQL (0.3ms)[0m   [0m SELECT name
 FROM sqlite_master
 WHERE type = 'table' AND NOT name = 'sqlite_sequence'
[0m
  [4;36;1mSQL (0.0ms)[0m   [0;1mPRAGMA index_list("vote_counts")[0m
  [4;35;1mSQL (0.0ms)[0m   [0mPRAGMA index_list("votes")[0m


Processing VotesController#index (for 127.0.0.1 at 2009-10-10 13:02:54) [GET]
  [4;36;1mVoteCount Load (0.5ms)[0m   [0;1mSELECT * FROM "vote_counts" WHERE ("vote_counts"."name" = 'Roman Polanski') LIMIT 1[0m
Rendering votes/index
Completed in 11ms (View: 4, DB: 0) | 200 OK [http://localhost/votes]


Processing VotesController#new (for 127.0.0.1 at 2009-10-10 13:02:56) [GET]
Rendering votes/new
Completed in 7ms (View: 3, DB: 0) | 200 OK [http://localhost/votes/new]


Processing VotesController#create (for 127.0.0.1 at 2009-10-10 13:02:59) [POST]
  Parameters: {"commit"=>"Vote", "vote"=>{"positive"=>"true"}, "authenticity_token"=>"81R7YrPKh40pqIzTxKVqfmKQL774QnmoQHba4IYf/gw="}
  [4;35;1mVote Create (0.3ms)[0m   [0mINSERT INTO "votes" ("updated_at", "positive", "ip", "created_at") VALUES('2009-10-10 17:02:59', 't', '127.0.0.1', '2009-10-10 17:02:59')[0m
  [4;36;1mVoteCount Load (0.2ms)[0m   [0;1mSELECT * FROM "vote_counts" WHERE ("vote_counts"."name" = 'Roman Polanski') LIMIT 1[0m
  [4;35;1mVoteCount Update (0.1ms)[0m   [0mUPDATE "vote_counts" SET "positive" = 1, "updated_at" = '2009-10-10 17:02:59' WHERE "id" = 1[0m
Redirected to http://localhost:3000/votes
Completed in 26ms (DB: 1) | 302 Found [http://localhost/votes]


Processing VotesController#index (for 127.0.0.1 at 2009-10-10 13:02:59) [GET]
  [4;36;1mVoteCount Load (0.4ms)[0m   [0;1mSELECT * FROM "vote_counts" WHERE ("vote_counts"."name" = 'Roman Polanski') LIMIT 1[0m
Rendering votes/index
Completed in 4ms (View: 2, DB: 0) | 200 OK [http://localhost/votes]


Processing VotesController#new (for 127.0.0.1 at 2009-10-10 13:03:03) [GET]
Rendering votes/new
Completed in 5ms (View: 2, DB: 0) | 200 OK [http://localhost/votes/new]


Processing VotesController#create (for 127.0.0.1 at 2009-10-10 13:03:06) [POST]
  Parameters: {"commit"=>"Vote", "vote"=>{"positive"=>"false"}, "authenticity_token"=>"81R7YrPKh40pqIzTxKVqfmKQL774QnmoQHba4IYf/gw="}
  [4;35;1mVote Create (0.3ms)[0m   [0mINSERT INTO "votes" ("updated_at", "positive", "ip", "created_at") VALUES('2009-10-10 17:03:06', 'f', '127.0.0.1', '2009-10-10 17:03:06')[0m
  [4;36;1mVoteCount Load (0.2ms)[0m   [0;1mSELECT * FROM "vote_counts" WHERE ("vote_counts"."name" = 'Roman Polanski') LIMIT 1[0m
  [4;35;1mVoteCount Update (0.1ms)[0m   [0mUPDATE "vote_counts" SET "negative" = 1, "updated_at" = '2009-10-10 17:03:06' WHERE "id" = 1[0m
Redirected to http://localhost:3000/votes
Completed in 55ms (DB: 1) | 302 Found [http://localhost/votes]


Processing VotesController#index (for 127.0.0.1 at 2009-10-10 13:03:06) [GET]
  [4;36;1mVoteCount Load (0.4ms)[0m   [0;1mSELECT * FROM "vote_counts" WHERE ("vote_counts"."name" = 'Roman Polanski') LIMIT 1[0m
Rendering votes/index
Completed in 5ms (View: 2, DB: 0) | 200 OK [http://localhost/votes]


Processing VotesController#new (for 127.0.0.1 at 2009-10-10 13:03:08) [GET]
Rendering votes/new
Completed in 5ms (View: 2, DB: 0) | 200 OK [http://localhost/]


Processing VotesController#create (for 127.0.0.1 at 2009-10-10 13:03:12) [POST]
  Parameters: {"commit"=>"Vote", "vote"=>{"positive"=>"true"}, "authenticity_token"=>"81R7YrPKh40pqIzTxKVqfmKQL774QnmoQHba4IYf/gw="}
  [4;35;1mVote Create (0.3ms)[0m   [0mINSERT INTO "votes" ("updated_at", "positive", "ip", "created_at") VALUES('2009-10-10 17:03:12', 't', '127.0.0.1', '2009-10-10 17:03:12')[0m
  [4;36;1mVoteCount Load (0.2ms)[0m   [0;1mSELECT * FROM "vote_counts" WHERE ("vote_counts"."name" = 'Roman Polanski') LIMIT 1[0m
  [4;35;1mVoteCount Update (0.1ms)[0m   [0mUPDATE "vote_counts" SET "positive" = 2, "updated_at" = '2009-10-10 17:03:12' WHERE "id" = 1[0m
Redirected to http://localhost:3000/votes
Completed in 53ms (DB: 0) | 302 Found [http://localhost/votes]


Processing VotesController#index (for 127.0.0.1 at 2009-10-10 13:03:12) [GET]
  [4;36;1mVoteCount Load (0.5ms)[0m   [0;1mSELECT * FROM "vote_counts" WHERE ("vote_counts"."name" = 'Roman Polanski') LIMIT 1[0m
Rendering votes/index
Completed in 6ms (View: 2, DB: 0) | 200 OK [http://localhost/votes]


Processing VotesController#new (for 127.0.0.1 at 2009-10-10 13:12:27) [GET]
Rendering votes/new

ActionView::TemplateError (undefined method `merge' for true:TrueClass) on line #2 of app/views/votes/new.erb:
1: <% form_for @vote do |f| %>
2:   jail <%= f.hidden_field :positive, true %>
3:   <%= image_submit_tag "jail_him" %>
4: <% end %>
5: 

    app/views/votes/new.erb:2
    app/views/votes/new.erb:1

Rendered rescues/_trace (75.8ms)
Rendered rescues/_request_and_response (1.1ms)
Rendering rescues/layout (internal_server_error)


Processing VotesController#new (for 127.0.0.1 at 2009-10-10 13:13:14) [GET]
Rendering votes/new
Completed in 9ms (View: 5, DB: 0) | 200 OK [http://localhost/]


Processing ApplicationController#index (for 127.0.0.1 at 2009-10-10 13:13:14) [GET]

ActionController::RoutingError (No route matches "/images/jail_him" with {:method=>:get}):
  

Rendering rescues/layout (not_found)


Processing ApplicationController#index (for 127.0.0.1 at 2009-10-10 13:13:14) [GET]

ActionController::RoutingError (No route matches "/images/free_him" with {:method=>:get}):
  

Rendering rescues/layout (not_found)


Processing VotesController#new (for 127.0.0.1 at 2009-10-10 13:13:29) [GET]
Rendering votes/new
Completed in 9ms (View: 5, DB: 0) | 200 OK [http://localhost/]


Processing VotesController#create (for 127.0.0.1 at 2009-10-10 13:13:32) [POST]
  Parameters: {"x"=>"64", "vote"=>{"positive"=>"true"}, "y"=>"34", "authenticity_token"=>"81R7YrPKh40pqIzTxKVqfmKQL774QnmoQHba4IYf/gw="}
  [4;35;1mVote Create (0.3ms)[0m   [0mINSERT INTO "votes" ("updated_at", "positive", "ip", "created_at") VALUES('2009-10-10 17:13:32', 't', '127.0.0.1', '2009-10-10 17:13:32')[0m
  [4;36;1mVoteCount Load (0.2ms)[0m   [0;1mSELECT * FROM "vote_counts" WHERE ("vote_counts"."name" = 'Roman Polanski') LIMIT 1[0m
  [4;35;1mVoteCount Update (0.1ms)[0m   [0mUPDATE "vote_counts" SET "positive" = 3, "updated_at" = '2009-10-10 17:13:32' WHERE "id" = 1[0m
Redirected to http://localhost:3000/votes
Completed in 52ms (DB: 0) | 302 Found [http://localhost/votes]


Processing VotesController#index (for 127.0.0.1 at 2009-10-10 13:13:32) [GET]
  [4;36;1mVoteCount Load (0.5ms)[0m   [0;1mSELECT * FROM "vote_counts" WHERE ("vote_counts"."name" = 'Roman Polanski') LIMIT 1[0m
Rendering votes/index
Completed in 6ms (View: 2, DB: 1) | 200 OK [http://localhost/votes]


Processing VotesController#index (for 127.0.0.1 at 2009-10-10 13:18:11) [GET]

SyntaxError (/Users/coryforsyth/Sites/romanski2/app/models/vote_count.rb:6: syntax error, unexpected ','
  alias :jail_him, :positive
                  ^
/Users/coryforsyth/Sites/romanski2/app/models/vote_count.rb:7: syntax error, unexpected ','
  alias :free_him, :negative
                  ^):
  app/controllers/votes_controller.rb:14:in `index'

Rendered rescues/_trace (26.5ms)
Rendered rescues/_request_and_response (0.2ms)
Rendering rescues/layout (internal_server_error)


Processing VotesController#index (for 127.0.0.1 at 2009-10-10 13:18:22) [GET]

NameError (undefined method `positive' for class `VoteCount'):
  app/models/vote_count.rb:6
  app/controllers/votes_controller.rb:14:in `index'

Rendered rescues/_trace (25.6ms)
Rendered rescues/_request_and_response (0.2ms)
Rendering rescues/layout (internal_server_error)


Processing VotesController#index (for 127.0.0.1 at 2009-10-10 13:19:49) [GET]
  [4;36;1mVoteCount Load (0.5ms)[0m   [0;1mSELECT * FROM "vote_counts" WHERE ("vote_counts"."name" = 'Roman Polanski') LIMIT 1[0m
Rendering votes/index
Completed in 23ms (View: 4, DB: 1) | 200 OK [http://localhost/votes]


Processing VotesController#new (for 127.0.0.1 at 2009-10-10 13:19:52) [GET]
Rendering votes/new
Completed in 8ms (View: 4, DB: 0) | 200 OK [http://localhost/]


Processing VotesController#create (for 127.0.0.1 at 2009-10-10 13:19:54) [POST]
  Parameters: {"x"=>"70", "vote"=>{"positive"=>"true"}, "y"=>"22", "authenticity_token"=>"81R7YrPKh40pqIzTxKVqfmKQL774QnmoQHba4IYf/gw="}
  [4;35;1mVote Create (0.5ms)[0m   [0mINSERT INTO "votes" ("updated_at", "positive", "ip", "created_at") VALUES('2009-10-10 17:19:54', 't', '127.0.0.1', '2009-10-10 17:19:54')[0m
  [4;36;1mVoteCount Load (0.3ms)[0m   [0;1mSELECT * FROM "vote_counts" WHERE ("vote_counts"."name" = 'Roman Polanski') LIMIT 1[0m
  [4;35;1mVoteCount Update (0.1ms)[0m   [0mUPDATE "vote_counts" SET "positive" = 4, "updated_at" = '2009-10-10 17:19:54' WHERE "id" = 1[0m
Redirected to http://localhost:3000/votes
Completed in 78ms (DB: 1) | 302 Found [http://localhost/votes]


Processing VotesController#index (for 127.0.0.1 at 2009-10-10 13:19:54) [GET]
  [4;36;1mVoteCount Load (0.4ms)[0m   [0;1mSELECT * FROM "vote_counts" WHERE ("vote_counts"."name" = 'Roman Polanski') LIMIT 1[0m
Rendering votes/index
Completed in 5ms (View: 2, DB: 0) | 200 OK [http://localhost/votes]


Processing VotesController#index (for 127.0.0.1 at 2009-10-10 13:24:19) [GET]
  [4;36;1mVoteCount Load (0.5ms)[0m   [0;1mSELECT * FROM "vote_counts" WHERE ("vote_counts"."name" = 'Roman Polanski') LIMIT 1[0m
Rendering template within layouts/application
Rendering votes/index
Completed in 14ms (View: 7, DB: 0) | 200 OK [http://localhost/votes]


Processing ApplicationController#index (for 127.0.0.1 at 2009-10-10 13:24:26) [GET]

ActionController::RoutingError (No route matches "/vote/new" with {:method=>:get}):
  

Rendering rescues/layout (not_found)


Processing VotesController#new (for 127.0.0.1 at 2009-10-10 13:24:31) [GET]
Rendering template within layouts/application
Rendering votes/new
Completed in 8ms (View: 5, DB: 0) | 200 OK [http://localhost/]


Processing VotesController#new (for 127.0.0.1 at 2009-10-10 13:26:09) [GET]
Rendering template within layouts/application
Rendering votes/new
Completed in 8ms (View: 5, DB: 0) | 200 OK [http://localhost/]


Processing VotesController#new (for 127.0.0.1 at 2009-10-10 13:26:21) [GET]
Rendering template within layouts/application
Rendering votes/new
Completed in 9ms (View: 5, DB: 0) | 200 OK [http://localhost/]


Processing VotesController#new (for 127.0.0.1 at 2009-10-10 14:57:26) [GET]
Rendering template within layouts/application
Rendering votes/new
Completed in 607ms (View: 337, DB: 0) | 200 OK [http://localhost/]


Processing VotesController#new (for 127.0.0.1 at 2009-10-10 15:44:28) [GET]
Rendering template within layouts/application
Rendering votes/new
Completed in 8ms (View: 5, DB: 0) | 200 OK [http://localhost/]


Processing VotesController#new (for 127.0.0.1 at 2009-10-10 15:44:53) [GET]
Rendering template within layouts/application
Rendering votes/new
Completed in 6ms (View: 2, DB: 0) | 200 OK [http://localhost/]


Processing VotesController#new (for 127.0.0.1 at 2009-10-10 15:45:39) [GET]
Rendering template within layouts/application
Rendering votes/new
Completed in 9ms (View: 6, DB: 0) | 200 OK [http://localhost/]


Processing VotesController#new (for 127.0.0.1 at 2009-10-10 15:46:05) [GET]
Rendering template within layouts/application
Rendering votes/new
Completed in 6ms (View: 3, DB: 0) | 200 OK [http://localhost/]


Processing VotesController#new (for 127.0.0.1 at 2009-10-10 15:46:16) [GET]
Rendering template within layouts/application
Rendering votes/new
Completed in 8ms (View: 4, DB: 0) | 200 OK [http://localhost/]


Processing VotesController#new (for 127.0.0.1 at 2009-10-10 15:46:37) [GET]
Rendering template within layouts/application
Rendering votes/new
Completed in 6ms (View: 2, DB: 0) | 200 OK [http://localhost/]


Processing VotesController#new (for 127.0.0.1 at 2009-10-10 15:46:52) [GET]
Rendering template within layouts/application
Rendering votes/new
Completed in 6ms (View: 2, DB: 0) | 200 OK [http://localhost/]


Processing VotesController#new (for 127.0.0.1 at 2009-10-10 15:48:00) [GET]
Rendering template within layouts/application
Rendering votes/new
Completed in 8ms (View: 5, DB: 0) | 200 OK [http://localhost/]


Processing VotesController#new (for 127.0.0.1 at 2009-10-10 15:48:15) [GET]
Rendering template within layouts/application
Rendering votes/new
Completed in 14ms (View: 11, DB: 0) | 200 OK [http://localhost/]


Processing VotesController#new (for 127.0.0.1 at 2009-10-10 15:48:51) [GET]
Rendering template within layouts/application
Rendering votes/new
Completed in 8ms (View: 5, DB: 0) | 200 OK [http://localhost/]


Processing VotesController#new (for 127.0.0.1 at 2009-10-10 15:49:25) [GET]
Rendering template within layouts/application
Rendering votes/new
Completed in 10ms (View: 5, DB: 0) | 200 OK [http://localhost/]


Processing VotesController#new (for 127.0.0.1 at 2009-10-10 15:49:33) [GET]
Rendering template within layouts/application
Rendering votes/new
Completed in 10ms (View: 6, DB: 0) | 200 OK [http://localhost/]


Processing VotesController#new (for 127.0.0.1 at 2009-10-10 15:50:27) [GET]
Rendering template within layouts/application
Rendering votes/new
Completed in 6ms (View: 3, DB: 0) | 200 OK [http://localhost/]


Processing VotesController#new (for 127.0.0.1 at 2009-10-10 15:50:37) [GET]
Rendering template within layouts/application
Rendering votes/new
Completed in 9ms (View: 3, DB: 0) | 200 OK [http://localhost/]


Processing VotesController#new (for 127.0.0.1 at 2009-10-10 15:51:21) [GET]
Rendering template within layouts/application
Rendering votes/new
Completed in 6ms (View: 2, DB: 0) | 200 OK [http://localhost/]


Processing VotesController#new (for 127.0.0.1 at 2009-10-10 15:51:25) [GET]
Rendering template within layouts/application
Rendering votes/new
Completed in 7ms (View: 3, DB: 0) | 200 OK [http://localhost/]


Processing VotesController#new (for 127.0.0.1 at 2009-10-10 15:51:29) [GET]
Rendering template within layouts/application
Rendering votes/new
Completed in 6ms (View: 3, DB: 0) | 200 OK [http://localhost/]


Processing VotesController#new (for 127.0.0.1 at 2009-10-10 15:51:32) [GET]
Rendering template within layouts/application
Rendering votes/new
Completed in 7ms (View: 3, DB: 0) | 200 OK [http://localhost/]


Processing VotesController#new (for 127.0.0.1 at 2009-10-10 15:51:35) [GET]
Rendering template within layouts/application
Rendering votes/new
Completed in 7ms (View: 3, DB: 0) | 200 OK [http://localhost/]


Processing VotesController#new (for 127.0.0.1 at 2009-10-10 15:51:39) [GET]
Rendering template within layouts/application
Rendering votes/new
Completed in 8ms (View: 3, DB: 0) | 200 OK [http://localhost/]


Processing VotesController#new (for 127.0.0.1 at 2009-10-10 15:51:48) [GET]
Rendering template within layouts/application
Rendering votes/new
Completed in 6ms (View: 3, DB: 0) | 200 OK [http://localhost/]


Processing VotesController#new (for 127.0.0.1 at 2009-10-10 15:51:54) [GET]
Rendering template within layouts/application
Rendering votes/new
Completed in 6ms (View: 2, DB: 0) | 200 OK [http://localhost/]


Processing VotesController#new (for 127.0.0.1 at 2009-10-10 15:52:01) [GET]
Rendering template within layouts/application
Rendering votes/new
Completed in 7ms (View: 3, DB: 0) | 200 OK [http://localhost/]


Processing VotesController#new (for 127.0.0.1 at 2009-10-10 15:52:05) [GET]
Rendering template within layouts/application
Rendering votes/new
Completed in 6ms (View: 2, DB: 0) | 200 OK [http://localhost/]


Processing VotesController#create (for 127.0.0.1 at 2009-10-10 15:52:15) [POST]
  Parameters: {"x"=>"50", "vote"=>{"positive"=>"true"}, "y"=>"29", "authenticity_token"=>"81R7YrPKh40pqIzTxKVqfmKQL774QnmoQHba4IYf/gw="}
  [4;35;1mVote Create (0.5ms)[0m   [0mINSERT INTO "votes" ("updated_at", "positive", "ip", "created_at") VALUES('2009-10-10 19:52:15', 't', '127.0.0.1', '2009-10-10 19:52:15')[0m
  [4;36;1mVoteCount Load (0.4ms)[0m   [0;1mSELECT * FROM "vote_counts" WHERE ("vote_counts"."name" = 'Roman Polanski') LIMIT 1[0m
  [4;35;1mVoteCount Update (0.2ms)[0m   [0mUPDATE "vote_counts" SET "positive" = 5, "updated_at" = '2009-10-10 19:52:15' WHERE "id" = 1[0m
Redirected to http://localhost:3000/votes
Completed in 54ms (DB: 1) | 302 Found [http://localhost/votes]


Processing VotesController#index (for 127.0.0.1 at 2009-10-10 15:52:15) [GET]
  [4;36;1mVoteCount Load (0.4ms)[0m   [0;1mSELECT * FROM "vote_counts" WHERE ("vote_counts"."name" = 'Roman Polanski') LIMIT 1[0m
Rendering template within layouts/application
Rendering votes/index
Completed in 42ms (View: 4, DB: 0) | 200 OK [http://localhost/votes]


Processing VotesController#new (for 127.0.0.1 at 2009-10-10 15:52:25) [GET]
Rendering template within layouts/application
Rendering votes/new
Completed in 6ms (View: 3, DB: 0) | 200 OK [http://localhost/]


Processing VotesController#create (for 127.0.0.1 at 2009-10-10 15:52:27) [POST]
  Parameters: {"x"=>"32", "vote"=>{"positive"=>""}, "y"=>"42", "authenticity_token"=>"7KtO2qjn1d0IETIsThzPXxyZIDasQOxkkBQNOP0N4Jg="}
  [4;35;1mVote Create (0.3ms)[0m   [0mINSERT INTO "votes" ("updated_at", "positive", "ip", "created_at") VALUES('2009-10-10 19:52:27', NULL, '127.0.0.1', '2009-10-10 19:52:27')[0m
  [4;36;1mVoteCount Load (0.2ms)[0m   [0;1mSELECT * FROM "vote_counts" WHERE ("vote_counts"."name" = 'Roman Polanski') LIMIT 1[0m
  [4;35;1mVoteCount Update (0.1ms)[0m   [0mUPDATE "vote_counts" SET "negative" = 2, "updated_at" = '2009-10-10 19:52:27' WHERE "id" = 1[0m
Redirected to http://localhost:3000/votes
Completed in 55ms (DB: 1) | 302 Found [http://localhost/votes]


Processing VotesController#index (for 127.0.0.1 at 2009-10-10 15:52:27) [GET]
  [4;36;1mVoteCount Load (0.5ms)[0m   [0;1mSELECT * FROM "vote_counts" WHERE ("vote_counts"."name" = 'Roman Polanski') LIMIT 1[0m
Rendering template within layouts/application
Rendering votes/index
Completed in 7ms (View: 3, DB: 1) | 200 OK [http://localhost/votes]


Processing VotesController#index (for 127.0.0.1 at 2009-10-10 15:55:58) [GET]
  [4;35;1mVoteCount Load (0.4ms)[0m   [0mSELECT * FROM "vote_counts" WHERE ("vote_counts"."name" = 'Roman Polanski') LIMIT 1[0m
Rendering template within layouts/application
Rendering votes/index

ActionView::TemplateError (undefined method `free' for #<VoteCount:0x2560ac0>) on line #1 of app/views/votes/index.erb:
1: <body class="<% @vote_count.jail_him > @vote_count.free ? "blue" : "black"%>">
2: jail him: <%= @vote_count.jail_him %><br />
3: free him: <%= @vote_count.free_him %><br />

    app/views/votes/index.erb:1

Rendered rescues/_trace (29.8ms)
Rendered rescues/_request_and_response (1.1ms)
Rendering rescues/layout (internal_server_error)


Processing VotesController#index (for 127.0.0.1 at 2009-10-10 15:56:08) [GET]
  [4;36;1mVoteCount Load (0.4ms)[0m   [0;1mSELECT * FROM "vote_counts" WHERE ("vote_counts"."name" = 'Roman Polanski') LIMIT 1[0m
Rendering template within layouts/application
Rendering votes/index
Completed in 7ms (View: 4, DB: 0) | 200 OK [http://localhost/votes]


Processing VotesController#index (for 127.0.0.1 at 2009-10-10 15:56:16) [GET]
  [4;35;1mVoteCount Load (0.4ms)[0m   [0mSELECT * FROM "vote_counts" WHERE ("vote_counts"."name" = 'Roman Polanski') LIMIT 1[0m
Rendering template within layouts/application
Rendering votes/index
Completed in 52ms (View: 49, DB: 0) | 200 OK [http://localhost/votes]


Processing VotesController#index (for 127.0.0.1 at 2009-10-10 15:56:23) [GET]
  [4;36;1mVoteCount Load (0.4ms)[0m   [0;1mSELECT * FROM "vote_counts" WHERE ("vote_counts"."name" = 'Roman Polanski') LIMIT 1[0m
Rendering template within layouts/application
Rendering votes/index
Completed in 8ms (View: 4, DB: 0) | 200 OK [http://localhost/votes]


Processing VotesController#index (for 127.0.0.1 at 2009-10-10 15:56:34) [GET]
  [4;35;1mVoteCount Load (0.4ms)[0m   [0mSELECT * FROM "vote_counts" WHERE ("vote_counts"."name" = 'Roman Polanski') LIMIT 1[0m
Rendering template within layouts/application
Rendering votes/index
Completed in 7ms (View: 4, DB: 0) | 200 OK [http://localhost/votes]


Processing VotesController#new (for 127.0.0.1 at 2009-10-10 15:56:40) [GET]
Rendering template within layouts/application
Rendering votes/new
Completed in 6ms (View: 2, DB: 0) | 200 OK [http://localhost/]


Processing VotesController#create (for 127.0.0.1 at 2009-10-10 15:56:41) [POST]
  Parameters: {"x"=>"40", "vote"=>{"positive"=>""}, "y"=>"33", "authenticity_token"=>"7KtO2qjn1d0IETIsThzPXxyZIDasQOxkkBQNOP0N4Jg="}
  [4;36;1mVote Create (0.3ms)[0m   [0;1mINSERT INTO "votes" ("updated_at", "positive", "ip", "created_at") VALUES('2009-10-10 19:56:41', NULL, '127.0.0.1', '2009-10-10 19:56:41')[0m
  [4;35;1mVoteCount Load (0.2ms)[0m   [0mSELECT * FROM "vote_counts" WHERE ("vote_counts"."name" = 'Roman Polanski') LIMIT 1[0m
  [4;36;1mVoteCount Update (0.1ms)[0m   [0;1mUPDATE "vote_counts" SET "negative" = 3, "updated_at" = '2009-10-10 19:56:41' WHERE "id" = 1[0m
Redirected to http://localhost:3000/votes
Completed in 200ms (DB: 1) | 302 Found [http://localhost/votes]


Processing VotesController#index (for 127.0.0.1 at 2009-10-10 15:56:42) [GET]
  [4;35;1mVoteCount Load (0.5ms)[0m   [0mSELECT * FROM "vote_counts" WHERE ("vote_counts"."name" = 'Roman Polanski') LIMIT 1[0m
Rendering template within layouts/application
Rendering votes/index
Completed in 7ms (View: 3, DB: 0) | 200 OK [http://localhost/votes]


Processing VotesController#create (for 127.0.0.1 at 2009-10-10 15:56:43) [POST]
  Parameters: {"x"=>"40", "vote"=>{"positive"=>""}, "y"=>"33", "authenticity_token"=>"7KtO2qjn1d0IETIsThzPXxyZIDasQOxkkBQNOP0N4Jg="}
  [4;36;1mVote Create (0.3ms)[0m   [0;1mINSERT INTO "votes" ("updated_at", "positive", "ip", "created_at") VALUES('2009-10-10 19:56:43', NULL, '127.0.0.1', '2009-10-10 19:56:43')[0m
  [4;35;1mVoteCount Load (0.2ms)[0m   [0mSELECT * FROM "vote_counts" WHERE ("vote_counts"."name" = 'Roman Polanski') LIMIT 1[0m
  [4;36;1mVoteCount Update (0.1ms)[0m   [0;1mUPDATE "vote_counts" SET "negative" = 4, "updated_at" = '2009-10-10 19:56:43' WHERE "id" = 1[0m
Redirected to http://localhost:3000/votes
Completed in 52ms (DB: 1) | 302 Found [http://localhost/votes]


Processing VotesController#index (for 127.0.0.1 at 2009-10-10 15:56:43) [GET]
  [4;35;1mVoteCount Load (0.4ms)[0m   [0mSELECT * FROM "vote_counts" WHERE ("vote_counts"."name" = 'Roman Polanski') LIMIT 1[0m
Rendering template within layouts/application
Rendering votes/index
Completed in 5ms (View: 2, DB: 0) | 200 OK [http://localhost/votes]


Processing VotesController#create (for 127.0.0.1 at 2009-10-10 15:56:44) [POST]
  Parameters: {"x"=>"40", "vote"=>{"positive"=>""}, "y"=>"33", "authenticity_token"=>"7KtO2qjn1d0IETIsThzPXxyZIDasQOxkkBQNOP0N4Jg="}
  [4;36;1mVote Create (0.3ms)[0m   [0;1mINSERT INTO "votes" ("updated_at", "positive", "ip", "created_at") VALUES('2009-10-10 19:56:44', NULL, '127.0.0.1', '2009-10-10 19:56:44')[0m
  [4;35;1mVoteCount Load (0.2ms)[0m   [0mSELECT * FROM "vote_counts" WHERE ("vote_counts"."name" = 'Roman Polanski') LIMIT 1[0m
  [4;36;1mVoteCount Update (0.1ms)[0m   [0;1mUPDATE "vote_counts" SET "negative" = 5, "updated_at" = '2009-10-10 19:56:44' WHERE "id" = 1[0m
Redirected to http://localhost:3000/votes
Completed in 56ms (DB: 1) | 302 Found [http://localhost/votes]


Processing VotesController#index (for 127.0.0.1 at 2009-10-10 15:56:44) [GET]
  [4;35;1mVoteCount Load (0.4ms)[0m   [0mSELECT * FROM "vote_counts" WHERE ("vote_counts"."name" = 'Roman Polanski') LIMIT 1[0m
Rendering template within layouts/application
Rendering votes/index
Completed in 6ms (View: 3, DB: 0) | 200 OK [http://localhost/votes]


Processing VotesController#new (for 127.0.0.1 at 2009-10-10 15:59:50) [GET]
Rendering template within layouts/application
Rendering votes/new
Completed in 5ms (View: 2, DB: 0) | 200 OK [http://localhost/]


Processing VotesController#create (for 127.0.0.1 at 2009-10-10 15:59:55) [POST]
  Parameters: {"x"=>"86", "vote"=>{"positive"=>"true"}, "y"=>"30", "authenticity_token"=>"81R7YrPKh40pqIzTxKVqfmKQL774QnmoQHba4IYf/gw="}
  [4;36;1mVote Create (0.3ms)[0m   [0;1mINSERT INTO "votes" ("updated_at", "positive", "ip", "created_at") VALUES('2009-10-10 19:59:55', 't', '127.0.0.1', '2009-10-10 19:59:55')[0m
  [4;35;1mVoteCount Load (0.2ms)[0m   [0mSELECT * FROM "vote_counts" WHERE ("vote_counts"."name" = 'Roman Polanski') LIMIT 1[0m
  [4;36;1mVoteCount Update (0.1ms)[0m   [0;1mUPDATE "vote_counts" SET "positive" = 6, "updated_at" = '2009-10-10 19:59:55' WHERE "id" = 1[0m
Redirected to http://localhost:3000/votes
Completed in 55ms (DB: 1) | 302 Found [http://localhost/votes]


Processing VotesController#index (for 127.0.0.1 at 2009-10-10 15:59:55) [GET]
  [4;35;1mVoteCount Load (0.4ms)[0m   [0mSELECT * FROM "vote_counts" WHERE ("vote_counts"."name" = 'Roman Polanski') LIMIT 1[0m
Rendering template within layouts/application
Rendering votes/index
Completed in 7ms (View: 4, DB: 0) | 200 OK [http://localhost/votes]


Processing ApplicationController#index (for 127.0.0.1 at 2009-10-10 15:59:55) [GET]

ActionController::RoutingError (No route matches "/images/jailed" with {:method=>:get}):
  

Rendering rescues/layout (not_found)


Processing VotesController#index (for 127.0.0.1 at 2009-10-10 16:00:08) [GET]
  [4;36;1mVoteCount Load (0.4ms)[0m   [0;1mSELECT * FROM "vote_counts" WHERE ("vote_counts"."name" = 'Roman Polanski') LIMIT 1[0m
Rendering template within layouts/application
Rendering votes/index
Completed in 7ms (View: 4, DB: 0) | 200 OK [http://localhost/votes]


Processing VotesController#new (for 127.0.0.1 at 2009-10-10 16:00:13) [GET]
Rendering template within layouts/application
Rendering votes/new
Completed in 6ms (View: 3, DB: 0) | 200 OK [http://localhost/]


Processing VotesController#create (for 127.0.0.1 at 2009-10-10 16:00:14) [POST]
  Parameters: {"x"=>"45", "vote"=>{"positive"=>""}, "y"=>"31", "authenticity_token"=>"81R7YrPKh40pqIzTxKVqfmKQL774QnmoQHba4IYf/gw="}
  [4;35;1mVote Create (0.3ms)[0m   [0mINSERT INTO "votes" ("updated_at", "positive", "ip", "created_at") VALUES('2009-10-10 20:00:14', NULL, '127.0.0.1', '2009-10-10 20:00:14')[0m
  [4;36;1mVoteCount Load (0.2ms)[0m   [0;1mSELECT * FROM "vote_counts" WHERE ("vote_counts"."name" = 'Roman Polanski') LIMIT 1[0m
  [4;35;1mVoteCount Update (0.1ms)[0m   [0mUPDATE "vote_counts" SET "negative" = 6, "updated_at" = '2009-10-10 20:00:14' WHERE "id" = 1[0m
Redirected to http://localhost:3000/votes
Completed in 47ms (DB: 1) | 302 Found [http://localhost/votes]


Processing VotesController#index (for 127.0.0.1 at 2009-10-10 16:00:14) [GET]
  [4;36;1mVoteCount Load (0.4ms)[0m   [0;1mSELECT * FROM "vote_counts" WHERE ("vote_counts"."name" = 'Roman Polanski') LIMIT 1[0m
Rendering template within layouts/application
Rendering votes/index
Completed in 7ms (View: 3, DB: 0) | 200 OK [http://localhost/votes]


Processing VotesController#new (for 127.0.0.1 at 2009-10-10 18:58:15) [GET]
Rendering template within layouts/application
Rendering votes/new
Completed in 5ms (View: 2, DB: 0) | 200 OK [http://localhost/]


Processing VotesController#new (for 127.0.0.1 at 2009-10-11 12:02:21) [GET]
Rendering template within layouts/application
Rendering votes/new
Completed in 8ms (View: 4, DB: 0) | 200 OK [http://localhost/]


Processing VotesController#index (for 127.0.0.1 at 2009-10-11 12:02:48) [GET]
  [4;35;1mVoteCount Load (1.0ms)[0m   [0mSELECT * FROM "vote_counts" WHERE ("vote_counts"."name" = 'Roman Polanski') LIMIT 1[0m
Rendering template within layouts/application
Rendering votes/index
Completed in 8ms (View: 4, DB: 1) | 200 OK [http://localhost/votes]


Processing VotesController#index (for 127.0.0.1 at 2009-10-11 12:04:01) [GET]
  [4;36;1mVoteCount Load (0.4ms)[0m   [0;1mSELECT * FROM "vote_counts" WHERE ("vote_counts"."name" = 'Roman Polanski') LIMIT 1[0m
Rendering template within layouts/application
Rendering votes/index
Completed in 7ms (View: 4, DB: 0) | 200 OK [http://localhost/votes]


Processing VotesController#index (for 127.0.0.1 at 2009-10-11 12:04:50) [GET]
  [4;35;1mVoteCount Load (0.4ms)[0m   [0mSELECT * FROM "vote_counts" WHERE ("vote_counts"."name" = 'Roman Polanski') LIMIT 1[0m
Rendering template within layouts/application
Rendering votes/index
Completed in 6ms (View: 2, DB: 0) | 200 OK [http://localhost/votes]


Processing VotesController#index (for 127.0.0.1 at 2009-10-11 12:04:52) [GET]
  [4;36;1mVoteCount Load (0.4ms)[0m   [0;1mSELECT * FROM "vote_counts" WHERE ("vote_counts"."name" = 'Roman Polanski') LIMIT 1[0m
Rendering template within layouts/application
Rendering votes/index
Completed in 5ms (View: 2, DB: 0) | 200 OK [http://localhost/votes]


Processing VotesController#index (for 127.0.0.1 at 2009-10-11 12:05:26) [GET]
  [4;35;1mVoteCount Load (0.4ms)[0m   [0mSELECT * FROM "vote_counts" WHERE ("vote_counts"."name" = 'Roman Polanski') LIMIT 1[0m
Rendering template within layouts/application
Rendering votes/index
Completed in 8ms (View: 5, DB: 0) | 200 OK [http://localhost/votes]


Processing VotesController#index (for 127.0.0.1 at 2009-10-11 12:06:04) [GET]
  [4;36;1mVoteCount Load (0.4ms)[0m   [0;1mSELECT * FROM "vote_counts" WHERE ("vote_counts"."name" = 'Roman Polanski') LIMIT 1[0m
Rendering template within layouts/application
Rendering votes/index
Completed in 6ms (View: 3, DB: 0) | 200 OK [http://localhost/votes]


Processing VotesController#new (for 127.0.0.1 at 2009-10-11 12:06:15) [GET]
Rendering template within layouts/application
Rendering votes/new
Completed in 5ms (View: 2, DB: 0) | 200 OK [http://localhost/]


Processing VotesController#create (for 127.0.0.1 at 2009-10-11 12:06:17) [POST]
  Parameters: {"x"=>"42", "vote"=>{"positive"=>"true"}, "y"=>"47", "authenticity_token"=>"7KtO2qjn1d0IETIsThzPXxyZIDasQOxkkBQNOP0N4Jg="}
  [4;35;1mVote Create (0.3ms)[0m   [0mINSERT INTO "votes" ("updated_at", "positive", "ip", "created_at") VALUES('2009-10-11 16:06:17', 't', '127.0.0.1', '2009-10-11 16:06:17')[0m
  [4;36;1mVoteCount Load (0.2ms)[0m   [0;1mSELECT * FROM "vote_counts" WHERE ("vote_counts"."name" = 'Roman Polanski') LIMIT 1[0m
  [4;35;1mVoteCount Update (0.1ms)[0m   [0mUPDATE "vote_counts" SET "positive" = 7, "updated_at" = '2009-10-11 16:06:17' WHERE "id" = 1[0m
Redirected to http://localhost:3000/votes
Completed in 47ms (DB: 1) | 302 Found [http://localhost/votes]


Processing VotesController#index (for 127.0.0.1 at 2009-10-11 12:06:17) [GET]
  [4;36;1mVoteCount Load (0.5ms)[0m   [0;1mSELECT * FROM "vote_counts" WHERE ("vote_counts"."name" = 'Roman Polanski') LIMIT 1[0m
Rendering template within layouts/application
Rendering votes/index
Completed in 7ms (View: 3, DB: 0) | 200 OK [http://localhost/votes]


Processing VotesController#index (for 127.0.0.1 at 2009-10-11 12:06:48) [GET]
  [4;35;1mVoteCount Load (0.4ms)[0m   [0mSELECT * FROM "vote_counts" WHERE ("vote_counts"."name" = 'Roman Polanski') LIMIT 1[0m
Rendering template within layouts/application
Rendering votes/index
Completed in 7ms (View: 4, DB: 0) | 200 OK [http://localhost/votes]


Processing VotesController#index (for 127.0.0.1 at 2009-10-11 12:08:06) [GET]
  [4;36;1mVoteCount Load (0.4ms)[0m   [0;1mSELECT * FROM "vote_counts" WHERE ("vote_counts"."name" = 'Roman Polanski') LIMIT 1[0m
Rendering template within layouts/application
Rendering votes/index
Completed in 8ms (View: 4, DB: 0) | 200 OK [http://localhost/votes]


Processing VotesController#index (for 127.0.0.1 at 2009-10-11 12:08:53) [GET]
  [4;35;1mVoteCount Load (0.4ms)[0m   [0mSELECT * FROM "vote_counts" WHERE ("vote_counts"."name" = 'Roman Polanski') LIMIT 1[0m
Rendering template within layouts/application
Rendering votes/index
Completed in 7ms (View: 4, DB: 0) | 200 OK [http://localhost/votes]


Processing VotesController#new (for 127.0.0.1 at 2009-10-11 12:09:07) [GET]
Rendering template within layouts/application
Rendering votes/new
Completed in 8ms (View: 5, DB: 0) | 200 OK [http://localhost/]


Processing VotesController#create (for 127.0.0.1 at 2009-10-11 12:09:10) [POST]
  Parameters: {"x"=>"48", "vote"=>{"positive"=>""}, "y"=>"25", "authenticity_token"=>"7KtO2qjn1d0IETIsThzPXxyZIDasQOxkkBQNOP0N4Jg="}
  [4;36;1mVote Create (0.4ms)[0m   [0;1mINSERT INTO "votes" ("updated_at", "positive", "ip", "created_at") VALUES('2009-10-11 16:09:10', NULL, '127.0.0.1', '2009-10-11 16:09:10')[0m
  [4;35;1mVoteCount Load (0.2ms)[0m   [0mSELECT * FROM "vote_counts" WHERE ("vote_counts"."name" = 'Roman Polanski') LIMIT 1[0m
  [4;36;1mVoteCount Update (0.1ms)[0m   [0;1mUPDATE "vote_counts" SET "negative" = 7, "updated_at" = '2009-10-11 16:09:10' WHERE "id" = 1[0m
Redirected to http://localhost:3000/votes
Completed in 52ms (DB: 1) | 302 Found [http://localhost/votes]


Processing VotesController#index (for 127.0.0.1 at 2009-10-11 12:09:10) [GET]
  [4;35;1mVoteCount Load (0.4ms)[0m   [0mSELECT * FROM "vote_counts" WHERE ("vote_counts"."name" = 'Roman Polanski') LIMIT 1[0m
Rendering template within layouts/application
Rendering votes/index
Completed in 5ms (View: 2, DB: 0) | 200 OK [http://localhost/votes]


Processing VotesController#index (for 127.0.0.1 at 2009-10-11 12:09:31) [GET]
  [4;36;1mVoteCount Load (0.4ms)[0m   [0;1mSELECT * FROM "vote_counts" WHERE ("vote_counts"."name" = 'Roman Polanski') LIMIT 1[0m
Rendering template within layouts/application
Rendering votes/index
Completed in 5ms (View: 2, DB: 0) | 200 OK [http://localhost/votes]


Processing VotesController#index (for 127.0.0.1 at 2009-10-11 12:09:37) [GET]
  [4;35;1mVoteCount Load (0.4ms)[0m   [0mSELECT * FROM "vote_counts" WHERE ("vote_counts"."name" = 'Roman Polanski') LIMIT 1[0m
Rendering template within layouts/application
Rendering votes/index
Completed in 5ms (View: 2, DB: 0) | 200 OK [http://localhost/votes]


Processing VotesController#index (for 127.0.0.1 at 2009-10-11 12:09:55) [GET]
  [4;36;1mVoteCount Load (0.4ms)[0m   [0;1mSELECT * FROM "vote_counts" WHERE ("vote_counts"."name" = 'Roman Polanski') LIMIT 1[0m
Rendering template within layouts/application
Rendering votes/index
Completed in 5ms (View: 2, DB: 0) | 200 OK [http://localhost/votes]


Processing VotesController#index (for 127.0.0.1 at 2009-10-11 12:10:08) [GET]
  [4;35;1mVoteCount Load (0.4ms)[0m   [0mSELECT * FROM "vote_counts" WHERE ("vote_counts"."name" = 'Roman Polanski') LIMIT 1[0m
Rendering template within layouts/application
Rendering votes/index
Completed in 7ms (View: 4, DB: 0) | 200 OK [http://localhost/votes]


Processing VotesController#index (for 127.0.0.1 at 2009-10-11 12:10:52) [GET]
  [4;36;1mVoteCount Load (0.4ms)[0m   [0;1mSELECT * FROM "vote_counts" WHERE ("vote_counts"."name" = 'Roman Polanski') LIMIT 1[0m
Rendering template within layouts/application
Rendering votes/index
Completed in 5ms (View: 2, DB: 0) | 200 OK [http://localhost/votes]


Processing VotesController#index (for 127.0.0.1 at 2009-10-11 12:10:57) [GET]
  [4;35;1mVoteCount Load (0.4ms)[0m   [0mSELECT * FROM "vote_counts" WHERE ("vote_counts"."name" = 'Roman Polanski') LIMIT 1[0m
Rendering template within layouts/application
Rendering votes/index
Completed in 6ms (View: 3, DB: 0) | 200 OK [http://localhost/votes]


Processing VotesController#index (for 127.0.0.1 at 2009-10-11 12:11:02) [GET]
  [4;36;1mVoteCount Load (0.4ms)[0m   [0;1mSELECT * FROM "vote_counts" WHERE ("vote_counts"."name" = 'Roman Polanski') LIMIT 1[0m
Rendering template within layouts/application
Rendering votes/index
Completed in 5ms (View: 2, DB: 0) | 200 OK [http://localhost/votes]


Processing VotesController#index (for 127.0.0.1 at 2009-10-11 12:11:13) [GET]
  [4;35;1mVoteCount Load (0.4ms)[0m   [0mSELECT * FROM "vote_counts" WHERE ("vote_counts"."name" = 'Roman Polanski') LIMIT 1[0m
Rendering template within layouts/application
Rendering votes/index
Completed in 5ms (View: 2, DB: 0) | 200 OK [http://localhost/votes]


Processing VotesController#index (for 127.0.0.1 at 2009-10-11 12:11:22) [GET]
  [4;36;1mVoteCount Load (0.4ms)[0m   [0;1mSELECT * FROM "vote_counts" WHERE ("vote_counts"."name" = 'Roman Polanski') LIMIT 1[0m
Rendering template within layouts/application
Rendering votes/index
Completed in 6ms (View: 2, DB: 0) | 200 OK [http://localhost/votes]


Processing VotesController#index (for 127.0.0.1 at 2009-10-11 12:11:57) [GET]
  [4;35;1mVoteCount Load (0.4ms)[0m   [0mSELECT * FROM "vote_counts" WHERE ("vote_counts"."name" = 'Roman Polanski') LIMIT 1[0m
Rendering template within layouts/application
Rendering votes/index
Completed in 5ms (View: 2, DB: 0) | 200 OK [http://localhost/votes]


Processing VotesController#index (for 127.0.0.1 at 2009-10-11 12:12:02) [GET]
  [4;36;1mVoteCount Load (0.4ms)[0m   [0;1mSELECT * FROM "vote_counts" WHERE ("vote_counts"."name" = 'Roman Polanski') LIMIT 1[0m
Rendering template within layouts/application
Rendering votes/index
Completed in 49ms (View: 2, DB: 0) | 200 OK [http://localhost/votes]


Processing VotesController#index (for 127.0.0.1 at 2009-10-11 12:13:04) [GET]
  [4;35;1mVoteCount Load (0.4ms)[0m   [0mSELECT * FROM "vote_counts" WHERE ("vote_counts"."name" = 'Roman Polanski') LIMIT 1[0m
Rendering template within layouts/application
Rendering votes/index
Completed in 6ms (View: 2, DB: 0) | 200 OK [http://localhost/votes]


Processing VotesController#new (for 127.0.0.1 at 2009-10-11 12:13:25) [GET]
Rendering template within layouts/application
Rendering votes/new
Completed in 6ms (View: 3, DB: 0) | 200 OK [http://localhost/]


Processing VotesController#create (for 127.0.0.1 at 2009-10-11 12:13:32) [POST]
  Parameters: {"x"=>"64", "vote"=>{"positive"=>"true"}, "y"=>"24", "authenticity_token"=>"7KtO2qjn1d0IETIsThzPXxyZIDasQOxkkBQNOP0N4Jg="}
  [4;36;1mVote Create (0.3ms)[0m   [0;1mINSERT INTO "votes" ("updated_at", "positive", "ip", "created_at") VALUES('2009-10-11 16:13:32', 't', '127.0.0.1', '2009-10-11 16:13:32')[0m
  [4;35;1mVoteCount Load (0.2ms)[0m   [0mSELECT * FROM "vote_counts" WHERE ("vote_counts"."name" = 'Roman Polanski') LIMIT 1[0m
  [4;36;1mVoteCount Update (0.1ms)[0m   [0;1mUPDATE "vote_counts" SET "positive" = 8, "updated_at" = '2009-10-11 16:13:32' WHERE "id" = 1[0m
Redirected to http://localhost:3000/votes
Completed in 49ms (DB: 1) | 302 Found [http://localhost/votes]


Processing VotesController#index (for 127.0.0.1 at 2009-10-11 12:13:32) [GET]
  [4;35;1mVoteCount Load (0.5ms)[0m   [0mSELECT * FROM "vote_counts" WHERE ("vote_counts"."name" = 'Roman Polanski') LIMIT 1[0m
Rendering template within layouts/application
Rendering votes/index
Completed in 7ms (View: 3, DB: 0) | 200 OK [http://localhost/votes]


Processing VotesController#index (for 127.0.0.1 at 2009-10-11 12:14:05) [GET]
  [4;36;1mVoteCount Load (0.4ms)[0m   [0;1mSELECT * FROM "vote_counts" WHERE ("vote_counts"."name" = 'Roman Polanski') LIMIT 1[0m
Rendering template within layouts/application
Rendering votes/index
Completed in 5ms (View: 2, DB: 0) | 200 OK [http://localhost/votes]


Processing VotesController#index (for 127.0.0.1 at 2009-10-11 12:14:12) [GET]
  [4;35;1mVoteCount Load (0.4ms)[0m   [0mSELECT * FROM "vote_counts" WHERE ("vote_counts"."name" = 'Roman Polanski') LIMIT 1[0m
Rendering template within layouts/application
Rendering votes/index
Completed in 5ms (View: 2, DB: 0) | 200 OK [http://localhost/votes]


Processing VotesController#index (for 127.0.0.1 at 2009-10-11 12:14:35) [GET]
  [4;36;1mVoteCount Load (0.4ms)[0m   [0;1mSELECT * FROM "vote_counts" WHERE ("vote_counts"."name" = 'Roman Polanski') LIMIT 1[0m
Rendering template within layouts/application
Rendering votes/index
Completed in 5ms (View: 2, DB: 0) | 200 OK [http://localhost/votes]


Processing VotesController#index (for 127.0.0.1 at 2009-10-11 12:14:55) [GET]
  [4;35;1mVoteCount Load (0.4ms)[0m   [0mSELECT * FROM "vote_counts" WHERE ("vote_counts"."name" = 'Roman Polanski') LIMIT 1[0m
Rendering template within layouts/application
Rendering votes/index
Completed in 6ms (View: 3, DB: 0) | 200 OK [http://localhost/votes]


Processing VotesController#new (for 127.0.0.1 at 2009-10-11 12:14:59) [GET]
Rendering template within layouts/application
Rendering votes/new
Completed in 6ms (View: 3, DB: 0) | 200 OK [http://localhost/]


Processing VotesController#create (for 127.0.0.1 at 2009-10-11 12:15:01) [POST]
  Parameters: {"x"=>"54", "vote"=>{"positive"=>""}, "y"=>"21", "authenticity_token"=>"7KtO2qjn1d0IETIsThzPXxyZIDasQOxkkBQNOP0N4Jg="}
  [4;36;1mVote Create (0.3ms)[0m   [0;1mINSERT INTO "votes" ("updated_at", "positive", "ip", "created_at") VALUES('2009-10-11 16:15:01', NULL, '127.0.0.1', '2009-10-11 16:15:01')[0m
  [4;35;1mVoteCount Load (0.2ms)[0m   [0mSELECT * FROM "vote_counts" WHERE ("vote_counts"."name" = 'Roman Polanski') LIMIT 1[0m
  [4;36;1mVoteCount Update (0.1ms)[0m   [0;1mUPDATE "vote_counts" SET "negative" = 8, "updated_at" = '2009-10-11 16:15:01' WHERE "id" = 1[0m
Redirected to http://localhost:3000/votes
Completed in 50ms (DB: 1) | 302 Found [http://localhost/votes]


Processing VotesController#index (for 127.0.0.1 at 2009-10-11 12:15:01) [GET]
  [4;35;1mVoteCount Load (0.5ms)[0m   [0mSELECT * FROM "vote_counts" WHERE ("vote_counts"."name" = 'Roman Polanski') LIMIT 1[0m
Rendering template within layouts/application
Rendering votes/index
Completed in 7ms (View: 3, DB: 0) | 200 OK [http://localhost/votes]


Processing VotesController#index (for 127.0.0.1 at 2009-10-11 12:15:48) [GET]
  [4;36;1mVoteCount Load (0.4ms)[0m   [0;1mSELECT * FROM "vote_counts" WHERE ("vote_counts"."name" = 'Roman Polanski') LIMIT 1[0m
Rendering template within layouts/application
Rendering votes/index
Completed in 5ms (View: 2, DB: 0) | 200 OK [http://localhost/votes]


Processing VotesController#index (for 127.0.0.1 at 2009-10-11 12:16:08) [GET]
  [4;35;1mVoteCount Load (0.5ms)[0m   [0mSELECT * FROM "vote_counts" WHERE ("vote_counts"."name" = 'Roman Polanski') LIMIT 1[0m
Rendering template within layouts/application
Rendering votes/index
Completed in 6ms (View: 3, DB: 0) | 200 OK [http://localhost/votes]


Processing VotesController#index (for 127.0.0.1 at 2009-10-11 12:17:01) [GET]
  [4;36;1mVoteCount Load (0.4ms)[0m   [0;1mSELECT * FROM "vote_counts" WHERE ("vote_counts"."name" = 'Roman Polanski') LIMIT 1[0m
Rendering template within layouts/application
Rendering votes/index
Completed in 6ms (View: 3, DB: 0) | 200 OK [http://localhost/votes]


Processing VotesController#index (for 127.0.0.1 at 2009-10-11 12:17:17) [GET]
  [4;35;1mVoteCount Load (0.4ms)[0m   [0mSELECT * FROM "vote_counts" WHERE ("vote_counts"."name" = 'Roman Polanski') LIMIT 1[0m
Rendering template within layouts/application
Rendering votes/index
Completed in 8ms (View: 5, DB: 0) | 200 OK [http://localhost/votes]


Processing VotesController#index (for 127.0.0.1 at 2009-10-11 12:18:35) [GET]
  [4;36;1mVoteCount Load (0.4ms)[0m   [0;1mSELECT * FROM "vote_counts" WHERE ("vote_counts"."name" = 'Roman Polanski') LIMIT 1[0m
Rendering template within layouts/application
Rendering votes/index
Completed in 8ms (View: 5, DB: 0) | 200 OK [http://localhost/votes]


Processing VotesController#index (for 127.0.0.1 at 2009-10-11 12:19:32) [GET]
  [4;35;1mVoteCount Load (0.4ms)[0m   [0mSELECT * FROM "vote_counts" WHERE ("vote_counts"."name" = 'Roman Polanski') LIMIT 1[0m
Rendering template within layouts/application
Rendering votes/index
Completed in 8ms (View: 4, DB: 0) | 200 OK [http://localhost/votes]


Processing VotesController#index (for 127.0.0.1 at 2009-10-11 12:20:23) [GET]
  [4;36;1mVoteCount Load (0.4ms)[0m   [0;1mSELECT * FROM "vote_counts" WHERE ("vote_counts"."name" = 'Roman Polanski') LIMIT 1[0m
Rendering template within layouts/application
Rendering votes/index
Completed in 5ms (View: 2, DB: 0) | 200 OK [http://localhost/votes]


Processing VotesController#new (for 127.0.0.1 at 2009-10-11 12:20:26) [GET]
Rendering template within layouts/application
Rendering votes/new
Completed in 6ms (View: 3, DB: 0) | 200 OK [http://localhost/]


Processing VotesController#create (for 127.0.0.1 at 2009-10-11 12:20:28) [POST]
  Parameters: {"x"=>"126", "vote"=>{"positive"=>"true"}, "y"=>"26", "authenticity_token"=>"7KtO2qjn1d0IETIsThzPXxyZIDasQOxkkBQNOP0N4Jg="}
  [4;35;1mVote Create (0.3ms)[0m   [0mINSERT INTO "votes" ("updated_at", "positive", "ip", "created_at") VALUES('2009-10-11 16:20:28', 't', '127.0.0.1', '2009-10-11 16:20:28')[0m
  [4;36;1mVoteCount Load (0.2ms)[0m   [0;1mSELECT * FROM "vote_counts" WHERE ("vote_counts"."name" = 'Roman Polanski') LIMIT 1[0m
  [4;35;1mVoteCount Update (0.1ms)[0m   [0mUPDATE "vote_counts" SET "positive" = 9, "updated_at" = '2009-10-11 16:20:28' WHERE "id" = 1[0m
Redirected to http://localhost:3000/votes
Completed in 52ms (DB: 1) | 302 Found [http://localhost/votes]


Processing VotesController#index (for 127.0.0.1 at 2009-10-11 12:20:28) [GET]
  [4;36;1mVoteCount Load (0.5ms)[0m   [0;1mSELECT * FROM "vote_counts" WHERE ("vote_counts"."name" = 'Roman Polanski') LIMIT 1[0m
Rendering template within layouts/application
Rendering votes/index
Completed in 6ms (View: 3, DB: 0) | 200 OK [http://localhost/votes]


Processing VotesController#index (for 127.0.0.1 at 2009-10-11 12:20:44) [GET]
  [4;35;1mVoteCount Load (0.4ms)[0m   [0mSELECT * FROM "vote_counts" WHERE ("vote_counts"."name" = 'Roman Polanski') LIMIT 1[0m
Rendering template within layouts/application
Rendering votes/index
Completed in 8ms (View: 5, DB: 0) | 200 OK [http://localhost/votes]


Processing VotesController#index (for 127.0.0.1 at 2009-10-11 12:20:52) [GET]
  [4;36;1mVoteCount Load (0.4ms)[0m   [0;1mSELECT * FROM "vote_counts" WHERE ("vote_counts"."name" = 'Roman Polanski') LIMIT 1[0m
Rendering template within layouts/application
Rendering votes/index
Completed in 8ms (View: 5, DB: 0) | 200 OK [http://localhost/votes]


Processing VotesController#index (for 127.0.0.1 at 2009-10-11 12:21:03) [GET]
  [4;35;1mVoteCount Load (0.4ms)[0m   [0mSELECT * FROM "vote_counts" WHERE ("vote_counts"."name" = 'Roman Polanski') LIMIT 1[0m
Rendering template within layouts/application
Rendering votes/index
Completed in 8ms (View: 5, DB: 0) | 200 OK [http://localhost/votes]


Processing VotesController#index (for 127.0.0.1 at 2009-10-11 12:21:37) [GET]
  [4;36;1mVoteCount Load (0.5ms)[0m   [0;1mSELECT * FROM "vote_counts" WHERE ("vote_counts"."name" = 'Roman Polanski') LIMIT 1[0m
Rendering template within layouts/application
Rendering votes/index
Completed in 53ms (View: 48, DB: 0) | 200 OK [http://localhost/votes]


Processing VotesController#index (for 127.0.0.1 at 2009-10-11 12:22:02) [GET]
  [4;35;1mVoteCount Load (0.4ms)[0m   [0mSELECT * FROM "vote_counts" WHERE ("vote_counts"."name" = 'Roman Polanski') LIMIT 1[0m
Rendering template within layouts/application
Rendering votes/index
Completed in 8ms (View: 5, DB: 0) | 200 OK [http://localhost/votes]


Processing VotesController#index (for 127.0.0.1 at 2009-10-11 12:22:28) [GET]
  [4;36;1mVoteCount Load (0.4ms)[0m   [0;1mSELECT * FROM "vote_counts" WHERE ("vote_counts"."name" = 'Roman Polanski') LIMIT 1[0m
Rendering template within layouts/application
Rendering votes/index
Completed in 8ms (View: 5, DB: 0) | 200 OK [http://localhost/votes]


Processing VotesController#index (for 127.0.0.1 at 2009-10-11 12:22:46) [GET]
  [4;35;1mVoteCount Load (0.4ms)[0m   [0mSELECT * FROM "vote_counts" WHERE ("vote_counts"."name" = 'Roman Polanski') LIMIT 1[0m
Rendering template within layouts/application
Rendering votes/index
Completed in 8ms (View: 5, DB: 0) | 200 OK [http://localhost/votes]


Processing VotesController#index (for 127.0.0.1 at 2009-10-11 12:23:34) [GET]
  [4;36;1mVoteCount Load (0.4ms)[0m   [0;1mSELECT * FROM "vote_counts" WHERE ("vote_counts"."name" = 'Roman Polanski') LIMIT 1[0m
Rendering template within layouts/application
Rendering votes/index
Completed in 8ms (View: 4, DB: 0) | 200 OK [http://localhost/votes]


Processing VotesController#index (for 127.0.0.1 at 2009-10-11 12:23:41) [GET]
  [4;35;1mVoteCount Load (0.4ms)[0m   [0mSELECT * FROM "vote_counts" WHERE ("vote_counts"."name" = 'Roman Polanski') LIMIT 1[0m
Rendering template within layouts/application
Rendering votes/index
Completed in 7ms (View: 4, DB: 0) | 200 OK [http://localhost/votes]


Processing VotesController#index (for 127.0.0.1 at 2009-10-11 12:23:49) [GET]
  [4;36;1mVoteCount Load (0.4ms)[0m   [0;1mSELECT * FROM "vote_counts" WHERE ("vote_counts"."name" = 'Roman Polanski') LIMIT 1[0m
Rendering template within layouts/application
Rendering votes/index
Completed in 8ms (View: 4, DB: 0) | 200 OK [http://localhost/votes]


Processing VotesController#index (for 127.0.0.1 at 2009-10-11 12:24:03) [GET]
  [4;35;1mVoteCount Load (0.4ms)[0m   [0mSELECT * FROM "vote_counts" WHERE ("vote_counts"."name" = 'Roman Polanski') LIMIT 1[0m
Rendering template within layouts/application
Rendering votes/index
Completed in 8ms (View: 4, DB: 0) | 200 OK [http://localhost/votes]


Processing VotesController#index (for 127.0.0.1 at 2009-10-11 12:24:43) [GET]
  [4;36;1mVoteCount Load (0.4ms)[0m   [0;1mSELECT * FROM "vote_counts" WHERE ("vote_counts"."name" = 'Roman Polanski') LIMIT 1[0m
Rendering template within layouts/application
Rendering votes/index
Completed in 8ms (View: 5, DB: 0) | 200 OK [http://localhost/votes]


Processing VotesController#index (for 127.0.0.1 at 2009-10-11 12:24:51) [GET]
  [4;35;1mVoteCount Load (0.4ms)[0m   [0mSELECT * FROM "vote_counts" WHERE ("vote_counts"."name" = 'Roman Polanski') LIMIT 1[0m
Rendering template within layouts/application
Rendering votes/index
Completed in 8ms (View: 4, DB: 0) | 200 OK [http://localhost/votes]


Processing VotesController#index (for 127.0.0.1 at 2009-10-11 12:25:01) [GET]
  [4;36;1mVoteCount Load (0.4ms)[0m   [0;1mSELECT * FROM "vote_counts" WHERE ("vote_counts"."name" = 'Roman Polanski') LIMIT 1[0m
Rendering template within layouts/application
Rendering votes/index
Completed in 6ms (View: 2, DB: 0) | 200 OK [http://localhost/votes]


Processing VotesController#index (for 127.0.0.1 at 2009-10-11 12:26:04) [GET]
  [4;35;1mVoteCount Load (0.4ms)[0m   [0mSELECT * FROM "vote_counts" WHERE ("vote_counts"."name" = 'Roman Polanski') LIMIT 1[0m
Rendering template within layouts/application
Rendering votes/index
Completed in 6ms (View: 3, DB: 0) | 200 OK [http://localhost/votes]


Processing VotesController#index (for 127.0.0.1 at 2009-10-11 12:26:41) [GET]
  [4;36;1mVoteCount Load (0.4ms)[0m   [0;1mSELECT * FROM "vote_counts" WHERE ("vote_counts"."name" = 'Roman Polanski') LIMIT 1[0m
Rendering template within layouts/application
Rendering votes/index
Completed in 5ms (View: 2, DB: 0) | 200 OK [http://localhost/votes]


Processing VotesController#index (for 127.0.0.1 at 2009-10-11 12:27:36) [GET]
  [4;35;1mVoteCount Load (0.4ms)[0m   [0mSELECT * FROM "vote_counts" WHERE ("vote_counts"."name" = 'Roman Polanski') LIMIT 1[0m
Rendering template within layouts/application
Rendering votes/index
Completed in 6ms (View: 3, DB: 0) | 200 OK [http://localhost/votes]


Processing VotesController#index (for 127.0.0.1 at 2009-10-11 12:28:15) [GET]
  [4;36;1mVoteCount Load (0.4ms)[0m   [0;1mSELECT * FROM "vote_counts" WHERE ("vote_counts"."name" = 'Roman Polanski') LIMIT 1[0m
Rendering template within layouts/application
Rendering votes/index
Completed in 8ms (View: 5, DB: 0) | 200 OK [http://localhost/votes]


Processing VotesController#index (for 127.0.0.1 at 2009-10-11 12:28:34) [GET]
  [4;35;1mVoteCount Load (0.4ms)[0m   [0mSELECT * FROM "vote_counts" WHERE ("vote_counts"."name" = 'Roman Polanski') LIMIT 1[0m
Rendering template within layouts/application
Rendering votes/index
Completed in 7ms (View: 3, DB: 0) | 200 OK [http://localhost/votes]


Processing VotesController#index (for 127.0.0.1 at 2009-10-11 12:31:26) [GET]
  [4;36;1mVoteCount Load (0.4ms)[0m   [0;1mSELECT * FROM "vote_counts" WHERE ("vote_counts"."name" = 'Roman Polanski') LIMIT 1[0m
Rendering template within layouts/application
Rendering votes/index
Completed in 6ms (View: 3, DB: 0) | 200 OK [http://localhost/votes]


Processing VotesController#index (for 127.0.0.1 at 2009-10-11 12:31:40) [GET]
  [4;35;1mVoteCount Load (0.4ms)[0m   [0mSELECT * FROM "vote_counts" WHERE ("vote_counts"."name" = 'Roman Polanski') LIMIT 1[0m
Rendering template within layouts/application
Rendering votes/index
Completed in 7ms (View: 3, DB: 0) | 200 OK [http://localhost/votes]


Processing VotesController#index (for 127.0.0.1 at 2009-10-11 12:32:07) [GET]
  [4;36;1mVoteCount Load (0.4ms)[0m   [0;1mSELECT * FROM "vote_counts" WHERE ("vote_counts"."name" = 'Roman Polanski') LIMIT 1[0m
Rendering template within layouts/application
Rendering votes/index
Completed in 5ms (View: 2, DB: 0) | 200 OK [http://localhost/votes]


Processing VotesController#index (for 127.0.0.1 at 2009-10-11 12:32:21) [GET]
  [4;35;1mVoteCount Load (0.4ms)[0m   [0mSELECT * FROM "vote_counts" WHERE ("vote_counts"."name" = 'Roman Polanski') LIMIT 1[0m
Rendering template within layouts/application
Rendering votes/index
Completed in 5ms (View: 2, DB: 0) | 200 OK [http://localhost/votes]


Processing VotesController#index (for 127.0.0.1 at 2009-10-11 12:32:32) [GET]
  [4;36;1mVoteCount Load (0.4ms)[0m   [0;1mSELECT * FROM "vote_counts" WHERE ("vote_counts"."name" = 'Roman Polanski') LIMIT 1[0m
Rendering template within layouts/application
Rendering votes/index
Completed in 6ms (View: 2, DB: 0) | 200 OK [http://localhost/votes]


Processing VotesController#index (for 127.0.0.1 at 2009-10-11 12:33:29) [GET]
  [4;35;1mVoteCount Load (0.4ms)[0m   [0mSELECT * FROM "vote_counts" WHERE ("vote_counts"."name" = 'Roman Polanski') LIMIT 1[0m
Rendering template within layouts/application
Rendering votes/index
Completed in 6ms (View: 2, DB: 0) | 200 OK [http://localhost/votes]


Processing VotesController#index (for 127.0.0.1 at 2009-10-11 12:34:08) [GET]
  [4;36;1mVoteCount Load (0.4ms)[0m   [0;1mSELECT * FROM "vote_counts" WHERE ("vote_counts"."name" = 'Roman Polanski') LIMIT 1[0m
Rendering template within layouts/application
Rendering votes/index
Completed in 8ms (View: 5, DB: 0) | 200 OK [http://localhost/votes]


Processing VotesController#index (for 127.0.0.1 at 2009-10-11 12:34:15) [GET]
  [4;35;1mVoteCount Load (0.4ms)[0m   [0mSELECT * FROM "vote_counts" WHERE ("vote_counts"."name" = 'Roman Polanski') LIMIT 1[0m
Rendering template within layouts/application
Rendering votes/index
Completed in 8ms (View: 5, DB: 0) | 200 OK [http://localhost/votes]


Processing VotesController#new (for 127.0.0.1 at 2009-10-11 12:34:31) [GET]
Rendering template within layouts/application
Rendering votes/new
Completed in 6ms (View: 3, DB: 0) | 200 OK [http://localhost/]


Processing VotesController#create (for 127.0.0.1 at 2009-10-11 12:34:32) [POST]
  Parameters: {"x"=>"26", "vote"=>{"positive"=>""}, "y"=>"30", "authenticity_token"=>"7KtO2qjn1d0IETIsThzPXxyZIDasQOxkkBQNOP0N4Jg="}
  [4;36;1mVote Create (0.3ms)[0m   [0;1mINSERT INTO "votes" ("updated_at", "positive", "ip", "created_at") VALUES('2009-10-11 16:34:32', NULL, '127.0.0.1', '2009-10-11 16:34:32')[0m
  [4;35;1mVoteCount Load (0.2ms)[0m   [0mSELECT * FROM "vote_counts" WHERE ("vote_counts"."name" = 'Roman Polanski') LIMIT 1[0m
  [4;36;1mVoteCount Update (0.1ms)[0m   [0;1mUPDATE "vote_counts" SET "negative" = 9, "updated_at" = '2009-10-11 16:34:32' WHERE "id" = 1[0m
Redirected to http://localhost:3000/votes
Completed in 48ms (DB: 1) | 302 Found [http://localhost/votes]


Processing VotesController#index (for 127.0.0.1 at 2009-10-11 12:34:32) [GET]
  [4;35;1mVoteCount Load (0.4ms)[0m   [0mSELECT * FROM "vote_counts" WHERE ("vote_counts"."name" = 'Roman Polanski') LIMIT 1[0m
Rendering template within layouts/application
Rendering votes/index
Completed in 6ms (View: 3, DB: 0) | 200 OK [http://localhost/votes]


Processing VotesController#index (for 127.0.0.1 at 2009-10-11 12:34:35) [GET]
  [4;36;1mVoteCount Load (0.4ms)[0m   [0;1mSELECT * FROM "vote_counts" WHERE ("vote_counts"."name" = 'Roman Polanski') LIMIT 1[0m
Rendering template within layouts/application
Rendering votes/index
Completed in 6ms (View: 3, DB: 0) | 200 OK [http://localhost/votes]


Processing VotesController#index (for 127.0.0.1 at 2009-10-11 12:35:22) [GET]
  [4;35;1mVoteCount Load (0.4ms)[0m   [0mSELECT * FROM "vote_counts" WHERE ("vote_counts"."name" = 'Roman Polanski') LIMIT 1[0m
Rendering template within layouts/application
Rendering votes/index
Completed in 6ms (View: 2, DB: 0) | 200 OK [http://localhost/votes]


Processing VotesController#index (for 127.0.0.1 at 2009-10-11 12:35:38) [GET]
  [4;36;1mVoteCount Load (0.4ms)[0m   [0;1mSELECT * FROM "vote_counts" WHERE ("vote_counts"."name" = 'Roman Polanski') LIMIT 1[0m
Rendering template within layouts/application
Rendering votes/index
Completed in 6ms (View: 2, DB: 0) | 200 OK [http://localhost/votes]


Processing VotesController#index (for 127.0.0.1 at 2009-10-11 12:36:20) [GET]
  [4;35;1mVoteCount Load (0.4ms)[0m   [0mSELECT * FROM "vote_counts" WHERE ("vote_counts"."name" = 'Roman Polanski') LIMIT 1[0m
Rendering template within layouts/application
Rendering votes/index
Completed in 8ms (View: 4, DB: 0) | 200 OK [http://localhost/votes]


Processing VotesController#index (for 127.0.0.1 at 2009-10-11 12:36:55) [GET]
  [4;36;1mVoteCount Load (0.4ms)[0m   [0;1mSELECT * FROM "vote_counts" WHERE ("vote_counts"."name" = 'Roman Polanski') LIMIT 1[0m
Rendering template within layouts/application
Rendering votes/index
Completed in 6ms (View: 3, DB: 0) | 200 OK [http://localhost/votes]


Processing VotesController#index (for 127.0.0.1 at 2009-10-11 12:37:17) [GET]
  [4;35;1mVoteCount Load (0.4ms)[0m   [0mSELECT * FROM "vote_counts" WHERE ("vote_counts"."name" = 'Roman Polanski') LIMIT 1[0m
Rendering template within layouts/application
Rendering votes/index
Completed in 6ms (View: 2, DB: 0) | 200 OK [http://localhost/votes]


Processing VotesController#index (for 127.0.0.1 at 2009-10-11 12:37:51) [GET]
  [4;36;1mVoteCount Load (0.4ms)[0m   [0;1mSELECT * FROM "vote_counts" WHERE ("vote_counts"."name" = 'Roman Polanski') LIMIT 1[0m
Rendering template within layouts/application
Rendering votes/index
Completed in 5ms (View: 2, DB: 0) | 200 OK [http://localhost/votes]


Processing VotesController#index (for 127.0.0.1 at 2009-10-11 12:37:59) [GET]
  [4;35;1mVoteCount Load (0.4ms)[0m   [0mSELECT * FROM "vote_counts" WHERE ("vote_counts"."name" = 'Roman Polanski') LIMIT 1[0m
Rendering template within layouts/application
Rendering votes/index
Completed in 45ms (View: 41, DB: 0) | 200 OK [http://localhost/votes]


Processing VotesController#index (for 127.0.0.1 at 2009-10-11 12:38:16) [GET]
  [4;36;1mVoteCount Load (0.4ms)[0m   [0;1mSELECT * FROM "vote_counts" WHERE ("vote_counts"."name" = 'Roman Polanski') LIMIT 1[0m
Rendering template within layouts/application
Rendering votes/index
Completed in 6ms (View: 2, DB: 0) | 200 OK [http://localhost/votes]


Processing VotesController#index (for 127.0.0.1 at 2009-10-11 12:38:18) [GET]
  [4;35;1mVoteCount Load (0.4ms)[0m   [0mSELECT * FROM "vote_counts" WHERE ("vote_counts"."name" = 'Roman Polanski') LIMIT 1[0m
Rendering template within layouts/application
Rendering votes/index
Completed in 6ms (View: 3, DB: 0) | 200 OK [http://localhost/votes]


Processing VotesController#index (for 127.0.0.1 at 2009-10-11 12:38:40) [GET]
  [4;36;1mVoteCount Load (0.4ms)[0m   [0;1mSELECT * FROM "vote_counts" WHERE ("vote_counts"."name" = 'Roman Polanski') LIMIT 1[0m
Rendering template within layouts/application
Rendering votes/index
Completed in 6ms (View: 2, DB: 0) | 200 OK [http://localhost/votes]


Processing VotesController#index (for 127.0.0.1 at 2009-10-11 12:38:55) [GET]
  [4;35;1mVoteCount Load (0.4ms)[0m   [0mSELECT * FROM "vote_counts" WHERE ("vote_counts"."name" = 'Roman Polanski') LIMIT 1[0m
Rendering template within layouts/application
Rendering votes/index
Completed in 6ms (View: 2, DB: 0) | 200 OK [http://localhost/votes]


Processing VotesController#index (for 127.0.0.1 at 2009-10-11 12:39:04) [GET]
  [4;36;1mVoteCount Load (0.4ms)[0m   [0;1mSELECT * FROM "vote_counts" WHERE ("vote_counts"."name" = 'Roman Polanski') LIMIT 1[0m
Rendering template within layouts/application
Rendering votes/index
Completed in 6ms (View: 3, DB: 0) | 200 OK [http://localhost/votes]


Processing VotesController#index (for 127.0.0.1 at 2009-10-11 12:39:34) [GET]
  [4;35;1mVoteCount Load (0.4ms)[0m   [0mSELECT * FROM "vote_counts" WHERE ("vote_counts"."name" = 'Roman Polanski') LIMIT 1[0m
Rendering template within layouts/application
Rendering votes/index
Completed in 7ms (View: 2, DB: 0) | 200 OK [http://localhost/votes]


Processing VotesController#new (for 127.0.0.1 at 2009-10-11 12:39:46) [GET]
Rendering template within layouts/application
Rendering votes/new
Completed in 6ms (View: 2, DB: 0) | 200 OK [http://localhost/]


Processing VotesController#create (for 127.0.0.1 at 2009-10-11 12:39:48) [POST]
  Parameters: {"x"=>"51", "vote"=>{"positive"=>""}, "y"=>"30", "authenticity_token"=>"7KtO2qjn1d0IETIsThzPXxyZIDasQOxkkBQNOP0N4Jg="}
  [4;36;1mVote Create (0.3ms)[0m   [0;1mINSERT INTO "votes" ("updated_at", "positive", "ip", "created_at") VALUES('2009-10-11 16:39:48', NULL, '127.0.0.1', '2009-10-11 16:39:48')[0m
  [4;35;1mVoteCount Load (0.2ms)[0m   [0mSELECT * FROM "vote_counts" WHERE ("vote_counts"."name" = 'Roman Polanski') LIMIT 1[0m
  [4;36;1mVoteCount Update (0.1ms)[0m   [0;1mUPDATE "vote_counts" SET "negative" = 10, "updated_at" = '2009-10-11 16:39:48' WHERE "id" = 1[0m
Redirected to http://localhost:3000/votes
Completed in 47ms (DB: 1) | 302 Found [http://localhost/votes]


Processing VotesController#index (for 127.0.0.1 at 2009-10-11 12:39:49) [GET]
  [4;35;1mVoteCount Load (0.4ms)[0m   [0mSELECT * FROM "vote_counts" WHERE ("vote_counts"."name" = 'Roman Polanski') LIMIT 1[0m
Rendering template within layouts/application
Rendering votes/index
Completed in 5ms (View: 2, DB: 0) | 200 OK [http://localhost/votes]


Processing VotesController#index (for 127.0.0.1 at 2009-10-11 12:39:54) [GET]
  [4;36;1mVoteCount Load (0.4ms)[0m   [0;1mSELECT * FROM "vote_counts" WHERE ("vote_counts"."name" = 'Roman Polanski') LIMIT 1[0m
Rendering template within layouts/application
Rendering votes/index
Completed in 5ms (View: 2, DB: 0) | 200 OK [http://localhost/votes]


Processing VotesController#create (for 127.0.0.1 at 2009-10-11 12:39:58) [POST]
  Parameters: {"x"=>"75", "vote"=>{"positive"=>"true"}, "y"=>"37", "authenticity_token"=>"7KtO2qjn1d0IETIsThzPXxyZIDasQOxkkBQNOP0N4Jg="}
  [4;35;1mVote Create (0.3ms)[0m   [0mINSERT INTO "votes" ("updated_at", "positive", "ip", "created_at") VALUES('2009-10-11 16:39:58', 't', '127.0.0.1', '2009-10-11 16:39:58')[0m
  [4;36;1mVoteCount Load (0.2ms)[0m   [0;1mSELECT * FROM "vote_counts" WHERE ("vote_counts"."name" = 'Roman Polanski') LIMIT 1[0m
  [4;35;1mVoteCount Update (0.1ms)[0m   [0mUPDATE "vote_counts" SET "positive" = 10, "updated_at" = '2009-10-11 16:39:58' WHERE "id" = 1[0m
Redirected to http://localhost:3000/votes
Completed in 47ms (DB: 1) | 302 Found [http://localhost/votes]


Processing VotesController#index (for 127.0.0.1 at 2009-10-11 12:39:58) [GET]
  [4;36;1mVoteCount Load (0.5ms)[0m   [0;1mSELECT * FROM "vote_counts" WHERE ("vote_counts"."name" = 'Roman Polanski') LIMIT 1[0m
Rendering template within layouts/application
Rendering votes/index
Completed in 6ms (View: 3, DB: 0) | 200 OK [http://localhost/votes]


Processing VotesController#create (for 127.0.0.1 at 2009-10-11 12:40:00) [POST]
  Parameters: {"x"=>"57", "vote"=>{"positive"=>"true"}, "y"=>"33", "authenticity_token"=>"7KtO2qjn1d0IETIsThzPXxyZIDasQOxkkBQNOP0N4Jg="}
  [4;35;1mVote Create (0.3ms)[0m   [0mINSERT INTO "votes" ("updated_at", "positive", "ip", "created_at") VALUES('2009-10-11 16:40:00', 't', '127.0.0.1', '2009-10-11 16:40:00')[0m
  [4;36;1mVoteCount Load (0.2ms)[0m   [0;1mSELECT * FROM "vote_counts" WHERE ("vote_counts"."name" = 'Roman Polanski') LIMIT 1[0m
  [4;35;1mVoteCount Update (0.1ms)[0m   [0mUPDATE "vote_counts" SET "positive" = 11, "updated_at" = '2009-10-11 16:40:00' WHERE "id" = 1[0m
Redirected to http://localhost:3000/votes
Completed in 93ms (DB: 1) | 302 Found [http://localhost/votes]


Processing VotesController#index (for 127.0.0.1 at 2009-10-11 12:40:00) [GET]
  [4;36;1mVoteCount Load (0.4ms)[0m   [0;1mSELECT * FROM "vote_counts" WHERE ("vote_counts"."name" = 'Roman Polanski') LIMIT 1[0m
Rendering template within layouts/application
Rendering votes/index
Completed in 5ms (View: 2, DB: 0) | 200 OK [http://localhost/votes]


Processing VotesController#new (for 172.16.19.1 at 2009-10-11 13:30:02) [GET]
Rendering template within layouts/application
Rendering votes/new
Completed in 7ms (View: 3, DB: 0) | 200 OK [http://172.16.19.1/]


Processing VotesController#new (for 172.16.19.1 at 2009-10-11 13:30:09) [GET]
Rendering template within layouts/application
Rendering votes/new
Completed in 6ms (View: 3, DB: 0) | 200 OK [http://172.16.19.1/]


Processing VotesController#create (for 172.16.19.1 at 2009-10-11 13:30:18) [POST]
  Parameters: {"x"=>"85", "vote"=>{"positive"=>"true"}, "y"=>"29", "authenticity_token"=>"urv8CUzU0XvNkeqFB0a3jcSZEq65rNjU2M6dW0CTkJQ="}
  [4;35;1mVote Create (0.3ms)[0m   [0mINSERT INTO "votes" ("updated_at", "positive", "ip", "created_at") VALUES('2009-10-11 17:30:18', 't', '172.16.19.1', '2009-10-11 17:30:18')[0m
  [4;36;1mVoteCount Load (0.2ms)[0m   [0;1mSELECT * FROM "vote_counts" WHERE ("vote_counts"."name" = 'Roman Polanski') LIMIT 1[0m
  [4;35;1mVoteCount Update (0.1ms)[0m   [0mUPDATE "vote_counts" SET "positive" = 12, "updated_at" = '2009-10-11 17:30:18' WHERE "id" = 1[0m
Redirected to http://172.16.19.1:3000/votes
Completed in 13ms (DB: 1) | 302 Found [http://172.16.19.1/votes]


Processing VotesController#index (for 172.16.19.1 at 2009-10-11 13:30:18) [GET]
  [4;36;1mVoteCount Load (0.4ms)[0m   [0;1mSELECT * FROM "vote_counts" WHERE ("vote_counts"."name" = 'Roman Polanski') LIMIT 1[0m
Rendering template within layouts/application
Rendering votes/index
Completed in 5ms (View: 2, DB: 0) | 200 OK [http://172.16.19.1/votes]


Processing VotesController#new (for 172.16.19.1 at 2009-10-11 13:30:24) [GET]
Rendering template within layouts/application
Rendering votes/new
Completed in 6ms (View: 3, DB: 0) | 200 OK [http://172.16.19.1/]


Processing VotesController#create (for 172.16.19.1 at 2009-10-11 13:30:27) [POST]
  Parameters: {"x"=>"73", "vote"=>{"positive"=>""}, "y"=>"37", "authenticity_token"=>"urv8CUzU0XvNkeqFB0a3jcSZEq65rNjU2M6dW0CTkJQ="}
  [4;35;1mVote Create (0.3ms)[0m   [0mINSERT INTO "votes" ("updated_at", "positive", "ip", "created_at") VALUES('2009-10-11 17:30:27', NULL, '172.16.19.1', '2009-10-11 17:30:27')[0m
  [4;36;1mVoteCount Load (0.2ms)[0m   [0;1mSELECT * FROM "vote_counts" WHERE ("vote_counts"."name" = 'Roman Polanski') LIMIT 1[0m
  [4;35;1mVoteCount Update (0.1ms)[0m   [0mUPDATE "vote_counts" SET "negative" = 11, "updated_at" = '2009-10-11 17:30:27' WHERE "id" = 1[0m
Redirected to http://172.16.19.1:3000/votes
Completed in 52ms (DB: 1) | 302 Found [http://172.16.19.1/votes]


Processing VotesController#index (for 172.16.19.1 at 2009-10-11 13:30:27) [GET]
  [4;36;1mVoteCount Load (0.5ms)[0m   [0;1mSELECT * FROM "vote_counts" WHERE ("vote_counts"."name" = 'Roman Polanski') LIMIT 1[0m
Rendering template within layouts/application
Rendering votes/index
Completed in 8ms (View: 3, DB: 1) | 200 OK [http://172.16.19.1/votes]


Processing VotesController#new (for 172.16.19.1 at 2009-10-11 13:31:41) [GET]
Rendering template within layouts/application
Rendering votes/new
Completed in 9ms (View: 6, DB: 0) | 200 OK [http://172.16.19.1/]


Processing VotesController#create (for 172.16.19.1 at 2009-10-11 13:31:43) [POST]
  Parameters: {"x"=>"93", "vote"=>{"positive"=>"true"}, "y"=>"39", "authenticity_token"=>"kwxSNX/PTU9yC9mtc7sYbqncVEY3/ApXfMCZS0b2RYc="}
  [4;35;1mVote Create (0.4ms)[0m   [0mINSERT INTO "votes" ("updated_at", "positive", "ip", "created_at") VALUES('2009-10-11 17:31:43', 't', '172.16.19.1', '2009-10-11 17:31:43')[0m
  [4;36;1mVoteCount Load (0.2ms)[0m   [0;1mSELECT * FROM "vote_counts" WHERE ("vote_counts"."name" = 'Roman Polanski') LIMIT 1[0m
  [4;35;1mVoteCount Update (0.1ms)[0m   [0mUPDATE "vote_counts" SET "positive" = 13, "updated_at" = '2009-10-11 17:31:43' WHERE "id" = 1[0m
Redirected to http://172.16.19.1:3000/votes
Completed in 49ms (DB: 1) | 302 Found [http://172.16.19.1/votes]


Processing VotesController#index (for 172.16.19.1 at 2009-10-11 13:31:43) [GET]
  [4;36;1mVoteCount Load (0.4ms)[0m   [0;1mSELECT * FROM "vote_counts" WHERE ("vote_counts"."name" = 'Roman Polanski') LIMIT 1[0m
Rendering template within layouts/application
Rendering votes/index
Completed in 51ms (View: 48, DB: 0) | 200 OK [http://172.16.19.1/votes]


Processing VotesController#index (for 172.16.19.1 at 2009-10-11 13:31:48) [GET]
  [4;35;1mVoteCount Load (0.5ms)[0m   [0mSELECT * FROM "vote_counts" WHERE ("vote_counts"."name" = 'Roman Polanski') LIMIT 1[0m
Rendering template within layouts/application
Rendering votes/index
Completed in 6ms (View: 3, DB: 0) | 200 OK [http://172.16.19.1/votes]


Processing VotesController#index (for 172.16.19.1 at 2009-10-11 13:31:49) [GET]
  [4;36;1mVoteCount Load (0.4ms)[0m   [0;1mSELECT * FROM "vote_counts" WHERE ("vote_counts"."name" = 'Roman Polanski') LIMIT 1[0m
Rendering template within layouts/application
Rendering votes/index
Completed in 6ms (View: 3, DB: 0) | 200 OK [http://172.16.19.1/votes]


Processing VotesController#new (for 172.16.19.1 at 2009-10-11 13:31:56) [GET]
Rendering template within layouts/application
Rendering votes/new
Completed in 6ms (View: 3, DB: 0) | 200 OK [http://172.16.19.1/]


Processing VotesController#create (for 172.16.19.1 at 2009-10-11 13:31:58) [POST]
  Parameters: {"x"=>"62", "vote"=>{"positive"=>""}, "y"=>"25", "authenticity_token"=>"urv8CUzU0XvNkeqFB0a3jcSZEq65rNjU2M6dW0CTkJQ="}
  [4;35;1mVote Create (0.3ms)[0m   [0mINSERT INTO "votes" ("updated_at", "positive", "ip", "created_at") VALUES('2009-10-11 17:31:58', NULL, '172.16.19.1', '2009-10-11 17:31:58')[0m
  [4;36;1mVoteCount Load (0.2ms)[0m   [0;1mSELECT * FROM "vote_counts" WHERE ("vote_counts"."name" = 'Roman Polanski') LIMIT 1[0m
  [4;35;1mVoteCount Update (0.1ms)[0m   [0mUPDATE "vote_counts" SET "negative" = 12, "updated_at" = '2009-10-11 17:31:58' WHERE "id" = 1[0m
Redirected to http://172.16.19.1:3000/votes
Completed in 64ms (DB: 1) | 302 Found [http://172.16.19.1/votes]


Processing VotesController#index (for 172.16.19.1 at 2009-10-11 13:31:58) [GET]
  [4;36;1mVoteCount Load (0.6ms)[0m   [0;1mSELECT * FROM "vote_counts" WHERE ("vote_counts"."name" = 'Roman Polanski') LIMIT 1[0m
Rendering template within layouts/application
Rendering votes/index
Completed in 8ms (View: 4, DB: 1) | 200 OK [http://172.16.19.1/votes]


Processing VotesController#new (for 172.16.19.1 at 2009-10-11 13:32:02) [GET]
Rendering template within layouts/application
Rendering votes/new
Completed in 6ms (View: 3, DB: 0) | 200 OK [http://172.16.19.1/]


Processing VotesController#create (for 172.16.19.1 at 2009-10-11 13:32:04) [POST]
  Parameters: {"x"=>"73", "vote"=>{"positive"=>""}, "y"=>"16", "authenticity_token"=>"urv8CUzU0XvNkeqFB0a3jcSZEq65rNjU2M6dW0CTkJQ="}
  [4;35;1mVote Create (0.3ms)[0m   [0mINSERT INTO "votes" ("updated_at", "positive", "ip", "created_at") VALUES('2009-10-11 17:32:04', NULL, '172.16.19.1', '2009-10-11 17:32:04')[0m
  [4;36;1mVoteCount Load (0.2ms)[0m   [0;1mSELECT * FROM "vote_counts" WHERE ("vote_counts"."name" = 'Roman Polanski') LIMIT 1[0m
  [4;35;1mVoteCount Update (0.1ms)[0m   [0mUPDATE "vote_counts" SET "negative" = 13, "updated_at" = '2009-10-11 17:32:04' WHERE "id" = 1[0m
Redirected to http://172.16.19.1:3000/votes
Completed in 50ms (DB: 1) | 302 Found [http://172.16.19.1/votes]


Processing VotesController#index (for 172.16.19.1 at 2009-10-11 13:32:04) [GET]
  [4;36;1mVoteCount Load (0.4ms)[0m   [0;1mSELECT * FROM "vote_counts" WHERE ("vote_counts"."name" = 'Roman Polanski') LIMIT 1[0m
Rendering template within layouts/application
Rendering votes/index
Completed in 6ms (View: 3, DB: 0) | 200 OK [http://172.16.19.1/votes]


Processing VotesController#index (for 172.16.19.1 at 2009-10-11 13:32:28) [GET]
  [4;35;1mVoteCount Load (0.4ms)[0m   [0mSELECT * FROM "vote_counts" WHERE ("vote_counts"."name" = 'Roman Polanski') LIMIT 1[0m
Rendering template within layouts/application
Rendering votes/index
Completed in 5ms (View: 2, DB: 0) | 200 OK [http://172.16.19.1/votes]


Processing VotesController#index (for 127.0.0.1 at 2009-10-11 13:32:32) [GET]
  [4;36;1mVoteCount Load (0.6ms)[0m   [0;1mSELECT * FROM "vote_counts" WHERE ("vote_counts"."name" = 'Roman Polanski') LIMIT 1[0m
Rendering template within layouts/application
Rendering votes/index
Completed in 8ms (View: 3, DB: 1) | 200 OK [http://localhost/votes]


Processing VotesController#index (for 172.16.19.1 at 2009-10-11 13:32:50) [GET]
  [4;35;1mVoteCount Load (0.4ms)[0m   [0mSELECT * FROM "vote_counts" WHERE ("vote_counts"."name" = 'Roman Polanski') LIMIT 1[0m
Rendering template within layouts/application
Rendering votes/index
Completed in 9ms (View: 5, DB: 0) | 200 OK [http://172.16.19.1/votes]


Processing VotesController#index (for 172.16.19.1 at 2009-10-11 13:32:51) [GET]
  [4;36;1mVoteCount Load (0.4ms)[0m   [0;1mSELECT * FROM "vote_counts" WHERE ("vote_counts"."name" = 'Roman Polanski') LIMIT 1[0m
Rendering template within layouts/application
Rendering votes/index
Completed in 6ms (View: 3, DB: 0) | 200 OK [http://172.16.19.1/votes]


Processing VotesController#index (for 172.16.19.1 at 2009-10-11 13:32:52) [GET]
  [4;35;1mVoteCount Load (0.4ms)[0m   [0mSELECT * FROM "vote_counts" WHERE ("vote_counts"."name" = 'Roman Polanski') LIMIT 1[0m
Rendering template within layouts/application
Rendering votes/index
Completed in 6ms (View: 2, DB: 0) | 200 OK [http://172.16.19.1/votes]


Processing VotesController#index (for 127.0.0.1 at 2009-10-11 13:32:54) [GET]
  [4;36;1mVoteCount Load (0.5ms)[0m   [0;1mSELECT * FROM "vote_counts" WHERE ("vote_counts"."name" = 'Roman Polanski') LIMIT 1[0m
Rendering template within layouts/application
Rendering votes/index
Completed in 7ms (View: 3, DB: 1) | 200 OK [http://localhost/votes]


Processing VotesController#index (for 172.16.19.1 at 2009-10-11 13:32:57) [GET]
  [4;35;1mVoteCount Load (0.4ms)[0m   [0mSELECT * FROM "vote_counts" WHERE ("vote_counts"."name" = 'Roman Polanski') LIMIT 1[0m
Rendering template within layouts/application
Rendering votes/index
Completed in 6ms (View: 2, DB: 0) | 200 OK [http://172.16.19.1/votes]


Processing VotesController#index (for 127.0.0.1 at 2009-10-11 13:33:16) [GET]
  [4;36;1mVoteCount Load (0.5ms)[0m   [0;1mSELECT * FROM "vote_counts" WHERE ("vote_counts"."name" = 'Roman Polanski') LIMIT 1[0m
Rendering template within layouts/application
Rendering votes/index
Completed in 7ms (View: 3, DB: 0) | 200 OK [http://localhost/votes]


Processing VotesController#index (for 172.16.19.1 at 2009-10-11 13:33:20) [GET]
  [4;35;1mVoteCount Load (0.4ms)[0m   [0mSELECT * FROM "vote_counts" WHERE ("vote_counts"."name" = 'Roman Polanski') LIMIT 1[0m
Rendering template within layouts/application
Rendering votes/index
Completed in 5ms (View: 2, DB: 0) | 200 OK [http://172.16.19.1/votes]


Processing VotesController#index (for 172.16.19.1 at 2009-10-11 13:33:28) [GET]
  [4;36;1mVoteCount Load (0.5ms)[0m   [0;1mSELECT * FROM "vote_counts" WHERE ("vote_counts"."name" = 'Roman Polanski') LIMIT 1[0m
Rendering template within layouts/application
Rendering votes/index
Completed in 6ms (View: 3, DB: 1) | 200 OK [http://172.16.19.1/votes]


Processing VotesController#index (for 172.16.19.1 at 2009-10-11 13:33:47) [GET]
  [4;35;1mVoteCount Load (0.4ms)[0m   [0mSELECT * FROM "vote_counts" WHERE ("vote_counts"."name" = 'Roman Polanski') LIMIT 1[0m
Rendering template within layouts/application
Rendering votes/index
Completed in 6ms (View: 2, DB: 0) | 200 OK [http://172.16.19.1/votes]


Processing VotesController#index (for 172.16.19.1 at 2009-10-11 13:34:19) [GET]
  [4;36;1mVoteCount Load (0.4ms)[0m   [0;1mSELECT * FROM "vote_counts" WHERE ("vote_counts"."name" = 'Roman Polanski') LIMIT 1[0m
Rendering template within layouts/application
Rendering votes/index
Completed in 6ms (View: 2, DB: 0) | 200 OK [http://172.16.19.1/votes]


Processing VotesController#index (for 172.16.19.1 at 2009-10-11 13:34:31) [GET]
  [4;35;1mVoteCount Load (0.4ms)[0m   [0mSELECT * FROM "vote_counts" WHERE ("vote_counts"."name" = 'Roman Polanski') LIMIT 1[0m
Rendering template within layouts/application
Rendering votes/index
Completed in 6ms (View: 3, DB: 0) | 200 OK [http://172.16.19.1/votes]


Processing VotesController#new (for 172.16.19.1 at 2009-10-11 13:34:44) [GET]
Rendering template within layouts/application
Rendering votes/new
Completed in 8ms (View: 5, DB: 0) | 200 OK [http://172.16.19.1/]


Processing VotesController#new (for 172.16.19.1 at 2009-10-11 13:34:46) [GET]
Rendering template within layouts/application
Rendering votes/new
Completed in 6ms (View: 2, DB: 0) | 200 OK [http://172.16.19.1/]


Processing VotesController#new (for 172.16.19.1 at 2009-10-11 13:37:44) [GET]
Rendering template within layouts/application
Rendering votes/new
Completed in 6ms (View: 3, DB: 0) | 200 OK [http://172.16.19.1/]


Processing VotesController#new (for 172.16.19.1 at 2009-10-11 13:38:03) [GET]
Rendering template within layouts/application
Rendering votes/new
Completed in 43ms (View: 40, DB: 0) | 200 OK [http://172.16.19.1/]


Processing VotesController#new (for 172.16.19.1 at 2009-10-11 13:38:49) [GET]
Rendering template within layouts/application
Rendering votes/new
Completed in 6ms (View: 3, DB: 0) | 200 OK [http://172.16.19.1/]


Processing VotesController#new (for 172.16.19.1 at 2009-10-11 13:39:12) [GET]
Rendering template within layouts/application
Rendering votes/new
Completed in 7ms (View: 3, DB: 0) | 200 OK [http://172.16.19.1/]


Processing VotesController#new (for 172.16.19.1 at 2009-10-11 13:39:49) [GET]
Rendering template within layouts/application
Rendering votes/new
Completed in 9ms (View: 6, DB: 0) | 200 OK [http://172.16.19.1/]


Processing VotesController#new (for 172.16.19.1 at 2009-10-11 13:40:11) [GET]
Rendering template within layouts/application
Rendering votes/new
Completed in 8ms (View: 4, DB: 0) | 200 OK [http://172.16.19.1/]


Processing VotesController#index (for 127.0.0.1 at 2009-10-11 13:40:18) [GET]
  [4;36;1mVoteCount Load (0.5ms)[0m   [0;1mSELECT * FROM "vote_counts" WHERE ("vote_counts"."name" = 'Roman Polanski') LIMIT 1[0m
Rendering template within layouts/application
Rendering votes/index
Completed in 10ms (View: 6, DB: 0) | 200 OK [http://localhost/votes]


Processing VotesController#index (for 127.0.0.1 at 2009-10-11 13:40:19) [GET]
  [4;35;1mVoteCount Load (0.5ms)[0m   [0mSELECT * FROM "vote_counts" WHERE ("vote_counts"."name" = 'Roman Polanski') LIMIT 1[0m
Rendering template within layouts/application
Rendering votes/index
Completed in 7ms (View: 3, DB: 1) | 200 OK [http://localhost/votes]


Processing VotesController#new (for 127.0.0.1 at 2009-10-11 13:44:56) [GET]
Rendering template within layouts/application
Rendering votes/new
Completed in 6ms (View: 3, DB: 0) | 200 OK [http://localhost/]


Processing VotesController#index (for 127.0.0.1 at 2009-10-11 13:47:43) [GET]
  [4;36;1mVoteCount Load (0.5ms)[0m   [0;1mSELECT * FROM "vote_counts" WHERE ("vote_counts"."name" = 'Roman Polanski') LIMIT 1[0m
Rendering template within layouts/application
Rendering votes/index
Completed in 6ms (View: 3, DB: 0) | 200 OK [http://localhost/votes]


Processing VotesController#new (for 127.0.0.1 at 2009-10-11 13:47:50) [GET]
Rendering template within layouts/application
Rendering votes/new
Completed in 6ms (View: 3, DB: 0) | 200 OK [http://localhost/votes/new]


Processing VotesController#new (for 172.16.19.1 at 2009-10-11 13:47:53) [GET]
Rendering template within layouts/application
Rendering votes/new
Completed in 6ms (View: 3, DB: 0) | 200 OK [http://172.16.19.1/]


Processing VotesController#create (for 172.16.19.1 at 2009-10-11 13:47:58) [POST]
  Parameters: {"x"=>"91", "vote"=>{"positive"=>"true"}, "y"=>"26", "authenticity_token"=>"urv8CUzU0XvNkeqFB0a3jcSZEq65rNjU2M6dW0CTkJQ="}
  [4;35;1mVote Create (0.4ms)[0m   [0mINSERT INTO "votes" ("updated_at", "positive", "ip", "created_at") VALUES('2009-10-11 17:47:58', 't', '172.16.19.1', '2009-10-11 17:47:58')[0m
  [4;36;1mVoteCount Load (0.3ms)[0m   [0;1mSELECT * FROM "vote_counts" WHERE ("vote_counts"."name" = 'Roman Polanski') LIMIT 1[0m
  [4;35;1mVoteCount Update (0.1ms)[0m   [0mUPDATE "vote_counts" SET "positive" = 14, "updated_at" = '2009-10-11 17:47:58' WHERE "id" = 1[0m
Redirected to http://172.16.19.1:3000/votes
Completed in 51ms (DB: 1) | 302 Found [http://172.16.19.1/votes]


Processing VotesController#index (for 172.16.19.1 at 2009-10-11 13:47:58) [GET]
  [4;36;1mVoteCount Load (0.5ms)[0m   [0;1mSELECT * FROM "vote_counts" WHERE ("vote_counts"."name" = 'Roman Polanski') LIMIT 1[0m
Rendering template within layouts/application
Rendering votes/index
Completed in 6ms (View: 2, DB: 0) | 200 OK [http://172.16.19.1/votes]


Processing VotesController#new (for 172.16.19.1 at 2009-10-11 13:48:02) [GET]
Rendering template within layouts/application
Rendering votes/new
Completed in 13ms (View: 9, DB: 0) | 200 OK [http://172.16.19.1/]


Processing VotesController#create (for 172.16.19.1 at 2009-10-11 13:48:04) [POST]
  Parameters: {"x"=>"59", "vote"=>{"positive"=>""}, "y"=>"13", "authenticity_token"=>"urv8CUzU0XvNkeqFB0a3jcSZEq65rNjU2M6dW0CTkJQ="}
  [4;35;1mVote Create (1.7ms)[0m   [0mINSERT INTO "votes" ("updated_at", "positive", "ip", "created_at") VALUES('2009-10-11 17:48:04', NULL, '172.16.19.1', '2009-10-11 17:48:04')[0m
  [4;36;1mVoteCount Load (0.2ms)[0m   [0;1mSELECT * FROM "vote_counts" WHERE ("vote_counts"."name" = 'Roman Polanski') LIMIT 1[0m
  [4;35;1mVoteCount Update (0.1ms)[0m   [0mUPDATE "vote_counts" SET "negative" = 14, "updated_at" = '2009-10-11 17:48:04' WHERE "id" = 1[0m
Redirected to http://172.16.19.1:3000/votes
Completed in 49ms (DB: 2) | 302 Found [http://172.16.19.1/votes]


Processing VotesController#index (for 172.16.19.1 at 2009-10-11 13:48:04) [GET]
  [4;36;1mVoteCount Load (0.4ms)[0m   [0;1mSELECT * FROM "vote_counts" WHERE ("vote_counts"."name" = 'Roman Polanski') LIMIT 1[0m
Rendering template within layouts/application
Rendering votes/index
Completed in 6ms (View: 3, DB: 0) | 200 OK [http://172.16.19.1/votes]


Processing VotesController#index (for 172.16.19.1 at 2009-10-11 13:50:32) [GET]
  [4;35;1mVoteCount Load (0.4ms)[0m   [0mSELECT * FROM "vote_counts" WHERE ("vote_counts"."name" = 'Roman Polanski') LIMIT 1[0m
Rendering template within layouts/application
Rendering votes/index
Completed in 6ms (View: 2, DB: 0) | 200 OK [http://172.16.19.1/votes]


Processing VotesController#new (for 172.16.19.1 at 2009-10-11 13:50:40) [GET]
Rendering template within layouts/application
Rendering votes/new
Completed in 9ms (View: 4, DB: 0) | 200 OK [http://172.16.19.1/votes/new]


Processing VotesController#new (for 172.16.19.1 at 2009-10-11 13:52:29) [GET]
Rendering template within layouts/application
Rendering votes/new
Completed in 12ms (View: 7, DB: 0) | 200 OK [http://172.16.19.1/votes/new]


Processing VotesController#new (for 172.16.19.1 at 2009-10-11 13:53:02) [GET]
Rendering template within layouts/application
Rendering votes/new
Completed in 9ms (View: 5, DB: 0) | 200 OK [http://172.16.19.1/votes/new]


Processing VotesController#new (for 172.16.19.1 at 2009-10-11 13:53:28) [GET]
Rendering template within layouts/application
Rendering votes/new
Completed in 6ms (View: 3, DB: 0) | 200 OK [http://172.16.19.1/votes/new]


Processing VotesController#new (for 172.16.19.1 at 2009-10-11 13:53:58) [GET]
Rendering template within layouts/application
Rendering votes/new
Completed in 9ms (View: 5, DB: 0) | 200 OK [http://172.16.19.1/votes/new]


Processing VotesController#new (for 172.16.19.1 at 2009-10-11 13:54:07) [GET]
Rendering template within layouts/application
Rendering votes/new
Completed in 9ms (View: 5, DB: 0) | 200 OK [http://172.16.19.1/votes/new]


Processing VotesController#create (for 172.16.19.1 at 2009-10-11 13:54:10) [POST]
  Parameters: {"x"=>"104", "vote"=>{"positive"=>"true"}, "y"=>"20", "authenticity_token"=>"lgtMbpjyaXZQSuu0MuaMrpS9zMWgdKCqbPgchstr8qw="}
  [4;36;1mVote Create (0.3ms)[0m   [0;1mINSERT INTO "votes" ("updated_at", "positive", "ip", "created_at") VALUES('2009-10-11 17:54:10', 't', '172.16.19.1', '2009-10-11 17:54:10')[0m
  [4;35;1mVoteCount Load (0.2ms)[0m   [0mSELECT * FROM "vote_counts" WHERE ("vote_counts"."name" = 'Roman Polanski') LIMIT 1[0m
  [4;36;1mVoteCount Update (0.2ms)[0m   [0;1mUPDATE "vote_counts" SET "positive" = 15, "updated_at" = '2009-10-11 17:54:10' WHERE "id" = 1[0m
Redirected to http://172.16.19.1:3000/votes
Completed in 78ms (DB: 1) | 302 Found [http://172.16.19.1/votes]


Processing VotesController#index (for 172.16.19.1 at 2009-10-11 13:54:10) [GET]
  [4;35;1mVoteCount Load (1.3ms)[0m   [0mSELECT * FROM "vote_counts" WHERE ("vote_counts"."name" = 'Roman Polanski') LIMIT 1[0m
Rendering template within layouts/application
Rendering votes/index
Completed in 9ms (View: 4, DB: 1) | 200 OK [http://172.16.19.1/votes]


Processing VotesController#new (for 172.16.19.1 at 2009-10-11 13:54:15) [GET]
Rendering template within layouts/application
Rendering votes/new
Completed in 11ms (View: 3, DB: 0) | 200 OK [http://172.16.19.1/votes/new]


Processing VotesController#create (for 172.16.19.1 at 2009-10-11 13:54:16) [POST]
  Parameters: {"x"=>"60", "vote"=>{"positive"=>""}, "y"=>"26", "authenticity_token"=>"lgtMbpjyaXZQSuu0MuaMrpS9zMWgdKCqbPgchstr8qw="}
  [4;36;1mVote Create (0.3ms)[0m   [0;1mINSERT INTO "votes" ("updated_at", "positive", "ip", "created_at") VALUES('2009-10-11 17:54:16', NULL, '172.16.19.1', '2009-10-11 17:54:16')[0m
  [4;35;1mVoteCount Load (0.2ms)[0m   [0mSELECT * FROM "vote_counts" WHERE ("vote_counts"."name" = 'Roman Polanski') LIMIT 1[0m
  [4;36;1mVoteCount Update (0.1ms)[0m   [0;1mUPDATE "vote_counts" SET "negative" = 15, "updated_at" = '2009-10-11 17:54:16' WHERE "id" = 1[0m
Redirected to http://172.16.19.1:3000/votes
Completed in 51ms (DB: 1) | 302 Found [http://172.16.19.1/votes]


Processing VotesController#index (for 172.16.19.1 at 2009-10-11 13:54:16) [GET]
  [4;35;1mVoteCount Load (0.4ms)[0m   [0mSELECT * FROM "vote_counts" WHERE ("vote_counts"."name" = 'Roman Polanski') LIMIT 1[0m
Rendering template within layouts/application
Rendering votes/index
Completed in 6ms (View: 2, DB: 0) | 200 OK [http://172.16.19.1/votes]


Processing VotesController#new (for 127.0.0.1 at 2009-10-11 13:54:35) [GET]
Rendering template within layouts/application
Rendering votes/new
Completed in 6ms (View: 2, DB: 0) | 200 OK [http://localhost/votes/new]


Processing VotesController#index (for 172.16.19.1 at 2009-10-11 13:55:45) [GET]
  [4;36;1mVoteCount Load (0.5ms)[0m   [0;1mSELECT * FROM "vote_counts" WHERE ("vote_counts"."name" = 'Roman Polanski') LIMIT 1[0m
Rendering template within layouts/application
Rendering votes/index
Completed in 7ms (View: 3, DB: 0) | 200 OK [http://172.16.19.1/votes]


Processing VotesController#new (for 172.16.19.1 at 2009-10-11 13:55:50) [GET]
Rendering template within layouts/application
Rendering votes/new
Completed in 6ms (View: 3, DB: 0) | 200 OK [http://172.16.19.1/votes/new]
